1516000077621	geckodriver	INFO	geckodriver 0.19.1
1516000077637	geckodriver	INFO	Listening on 127.0.0.1:28221
1516000079663	mozrunner::runner	INFO	Running command: "C:\\Program Files (x86)\\Mozilla Firefox\\firefox.exe" "-marionette" "-profile" "C:\\Users\\xhchen\\AppData\\Local\\Temp\\rust_mozprofile.NhYtpaPUXBTh"
1516000081227	Marionette	INFO	Enabled via --marionette
Unable to read VR Path Registry from C:\Users\xhchen\AppData\Local\openvr\openvrpaths.vrpath
[Parent 30280, Gecko_IOThread] WARNING: pipe error: 109: file z:/build/build/src/ipc/chromium/src/chrome/common/ipc_channel_win.cc, line 346
Unable to read VR Path Registry from C:\Users\xhchen\AppData\Local\openvr\openvrpaths.vrpath
[Child 28760, Chrome_ChildThread] WARNING: pipe error: 109: file z:/build/build/src/ipc/chromium/src/chrome/common/ipc_channel_win.cc, line 346
[Child 28760, Chrome_ChildThread] WARNING: pipe error: 109: file z:/build/build/src/ipc/chromium/src/chrome/common/ipc_channel_win.cc, line 346
1516000086765	Marionette	INFO	Listening on port 28228
1516000086979	Marionette	WARN	TLS certificate errors will be ignored for this session
1516000087017	Marionette	DEBUG	Register listener.js for window 4294967297
1516000087039	Marionette	DEBUG	Received DOM event "beforeunload" for "about:blank"
1516000087626	Marionette	DEBUG	Received DOM event "pagehide" for "about:blank"
1516000087627	Marionette	DEBUG	Received DOM event "unload" for "about:blank"
1516000088966	Marionette	DEBUG	Received DOM event "DOMContentLoaded" for "https://mail.fiberhome.com/"
1516000088969	Marionette	DEBUG	Received DOM event "pageshow" for "https://mail.fiberhome.com/"
1516000089251	Marionette	DEBUG	Received DOM event "beforeunload" for "https://mail.fiberhome.com/"
1516000090127	Marionette	DEBUG	Received DOM event "pagehide" for "https://mail.fiberhome.com/"
1516000090127	Marionette	DEBUG	Received DOM event "unload" for "https://mail.fiberhome.com/"
1516000090790	Marionette	DEBUG	Received observer notification "outer-window-destroyed" for "4294967306"
1516000090807	Marionette	DEBUG	Received DOM event "DOMContentLoaded" for "https://mail.fiberhome.com/coremail/XT3/index.jsp?sid=BAsjGwssBiPQeqLmmhssxmFLiTWnxlmq#/md=welcome&_suid=381"
1516000091220	Marionette	DEBUG	Received DOM event "pageshow" for "https://mail.fiberhome.com/coremail/XT3/index.jsp?sid=BAsjGwssBiPQeqLmmhssxmFLiTWnxlmq#/md=welcome&_suid=381"
1516000091263	Marionette	DEBUG	Received DOM event "popstate" for "https://mail.fiberhome.com/coremail/XT3/index.jsp?sid=BAsjGwssBiPQeqLmmhssxmFLiTWnxlmq#/md=folder&_suid=843"
1516000091578	Marionette	DEBUG	Canceled page load listener because no navigation has been detected
1516000096872	Marionette	DEBUG	Canceled page load listener because no navigation has been detected
1516000097193	Marionette	DEBUG	Canceled page load listener because no navigation has been detected
1516000102463	Marionette	DEBUG	Canceled page load listener because no navigation has been detected
1516000102739	Marionette	DEBUG	Canceled page load listener because no navigation has been detected
1516000108013	Marionette	DEBUG	Canceled page load listener because no navigation has been detected
1516000108298	Marionette	DEBUG	Canceled page load listener because no navigation has been detected
1516000113557	Marionette	DEBUG	Canceled page load listener because no navigation has been detected
1516000113815	Marionette	DEBUG	Canceled page load listener because no navigation has been detected
1516000119070	Marionette	DEBUG	Canceled page load listener because no navigation has been detected
1516000119319	Marionette	DEBUG	Canceled page load listener because no navigation has been detected
1516000124571	Marionette	DEBUG	Canceled page load listener because no navigation has been detected
1516000124813	Marionette	DEBUG	Canceled page load listener because no navigation has been detected
1516000130079	Marionette	DEBUG	Canceled page load listener because no navigation has been detected
1516000130324	Marionette	DEBUG	Canceled page load listener because no navigation has been detected
1516000135597	Marionette	DEBUG	Canceled page load listener because no navigation has been detected
1516000135850	Marionette	DEBUG	Canceled page load listener because no navigation has been detected
1516000141153	Marionette	DEBUG	Canceled page load listener because no navigation has been detected
1516000141402	Marionette	DEBUG	Canceled page load listener because no navigation has been detected
1516000146648	Marionette	DEBUG	Canceled page load listener because no navigation has been detected
1516000146887	Marionette	DEBUG	Canceled page load listener because no navigation has been detected
1516000147144	Marionette	DEBUG	Canceled page load listener because no navigation has been detected
1516000147155	Marionette	DEBUG	Received DOM event "popstate" for "https://mail.fiberhome.com/coremail/XT3/index.jsp?sid=BAsjGwssBiPQeqLmmhssxmFLiTWnxlmq#/md=folder&_suid=259"
1516000197220	geckodriver	INFO	geckodriver 0.19.1
1516000197225	geckodriver	INFO	Listening on 127.0.0.1:28463
1516000199282	mozrunner::runner	INFO	Running command: "C:\\Program Files (x86)\\Mozilla Firefox\\firefox.exe" "-marionette" "-profile" "C:\\Users\\xhchen\\AppData\\Local\\Temp\\rust_mozprofile.TTmKXJ2mj5vu"
1516000200277	Marionette	INFO	Enabled via --marionette
Unable to read VR Path Registry from C:\Users\xhchen\AppData\Local\openvr\openvrpaths.vrpath
[Parent 31396, Gecko_IOThread] WARNING: pipe error: 109: file z:/build/build/src/ipc/chromium/src/chrome/common/ipc_channel_win.cc, line 346
Unable to read VR Path Registry from C:\Users\xhchen\AppData\Local\openvr\openvrpaths.vrpath
[Child 29152, Chrome_ChildThread] WARNING: pipe error: 109: file z:/build/build/src/ipc/chromium/src/chrome/common/ipc_channel_win.cc, line 346
[Child 29152, Chrome_ChildThread] WARNING: pipe error: 109: file z:/build/build/src/ipc/chromium/src/chrome/common/ipc_channel_win.cc, line 346
1516000204052	Marionette	INFO	Listening on port 28469
1516000204486	Marionette	WARN	TLS certificate errors will be ignored for this session
1516000205134	Marionette	DEBUG	Register listener.js for window 4294967297
1516000205167	Marionette	DEBUG	Received DOM event "beforeunload" for "about:blank"
1516000205204	Marionette	DEBUG	Received DOM event "pagehide" for "about:blank"
1516000205204	Marionette	DEBUG	Received DOM event "unload" for "about:blank"
1516000205386	Marionette	DEBUG	Received DOM event "DOMContentLoaded" for "https://mail.fiberhome.com/"
1516000205479	Marionette	DEBUG	Received DOM event "pageshow" for "https://mail.fiberhome.com/"
1516000205573	Marionette	DEBUG	Received DOM event "beforeunload" for "https://mail.fiberhome.com/"
1516000206098	Marionette	DEBUG	Received DOM event "pagehide" for "https://mail.fiberhome.com/"
1516000206098	Marionette	DEBUG	Received DOM event "unload" for "https://mail.fiberhome.com/"
1516000206440	Marionette	DEBUG	Received observer notification "outer-window-destroyed" for "4294967306"
1516000206450	Marionette	DEBUG	Received DOM event "DOMContentLoaded" for "https://mail.fiberhome.com/coremail/XT3/index.jsp?sid=BARjGwssSrPQeqIhmhssmzPsauIGIZIq#/md=welcome&_suid=891"
1516000206977	Marionette	DEBUG	Received DOM event "pageshow" for "https://mail.fiberhome.com/coremail/XT3/index.jsp?sid=BARjGwssSrPQeqIhmhssmzPsauIGIZIq#/md=welcome&_suid=891"
1516000207017	Marionette	DEBUG	Received DOM event "popstate" for "https://mail.fiberhome.com/coremail/XT3/index.jsp?sid=BARjGwssSrPQeqIhmhssmzPsauIGIZIq#/md=folder&_suid=568"
1516000207300	Marionette	DEBUG	Canceled page load listener because no navigation has been detected
1516000207317	Marionette	DEBUG	Received DOM event "popstate" for "https://mail.fiberhome.com/coremail/XT3/index.jsp?sid=BARjGwssSrPQeqIhmhssmzPsauIGIZIq#/md=folder&_suid=796"
1516000207781	Marionette	DEBUG	Canceled page load listener because no navigation has been detected
[Parent 31396, Gecko_IOThread] WARNING: pipe error: 109: file z:/build/build/src/ipc/chromium/src/chrome/common/ipc_channel_win.cc, line 346
Unable to read VR Path Registry from C:\Users\xhchen\AppData\Local\openvr\openvrpaths.vrpath
[Child 31184, Chrome_ChildThread] WARNING: pipe error: 109: file z:/build/build/src/ipc/chromium/src/chrome/common/ipc_channel_win.cc, line 346
[Child 31184, Chrome_ChildThread] WARNING: pipe error: 109: file z:/build/build/src/ipc/chromium/src/chrome/common/ipc_channel_win.cc, line 346
Unable to read VR Path Registry from C:\Users\xhchen\AppData\Local\openvr\openvrpaths.vrpath
[Child 30616, Chrome_ChildThread] WARNING: pipe error: 109: file z:/build/build/src/ipc/chromium/src/chrome/common/ipc_channel_win.cc, line 346
*** UTM:SVC TimerManager:registerTimer called after profile-before-change notification. Ignoring timer registration for id: telemetry_modules_ping
1516000271192	geckodriver	INFO	geckodriver 0.19.1
1516000271205	geckodriver	INFO	Listening on 127.0.0.1:28577
1516000273175	mozrunner::runner	INFO	Running command: "C:\\Program Files (x86)\\Mozilla Firefox\\firefox.exe" "-marionette" "-profile" "C:\\Users\\xhchen\\AppData\\Local\\Temp\\rust_mozprofile.WdsLCjWcloDE"
1516000274151	Marionette	INFO	Enabled via --marionette
Unable to read VR Path Registry from C:\Users\xhchen\AppData\Local\openvr\openvrpaths.vrpath
[Child 31392, Chrome_ChildThread] WARNING: pipe error: 109: file z:/build/build/src/ipc/chromium/src/chrome/common/ipc_channel_win.cc, line 346
[Child 31392, Chrome_ChildThread] WARNING: pipe error: 109: file z:/build/build/src/ipc/chromium/src/chrome/common/ipc_channel_win.cc, line 346
1516000277056	Marionette	INFO	Listening on port 28583
1516000277286	Marionette	WARN	TLS certificate errors will be ignored for this session
1516000277330	Marionette	DEBUG	Register listener.js for window 4294967297
1516000277360	Marionette	DEBUG	Received DOM event "beforeunload" for "about:blank"
1516000277410	Marionette	DEBUG	Received DOM event "pagehide" for "about:blank"
1516000277410	Marionette	DEBUG	Received DOM event "unload" for "about:blank"
1516000277684	Marionette	DEBUG	Received DOM event "DOMContentLoaded" for "https://mail.fiberhome.com/"
1516000277790	Marionette	DEBUG	Received DOM event "pageshow" for "https://mail.fiberhome.com/"
1516000277887	Marionette	DEBUG	Received DOM event "beforeunload" for "https://mail.fiberhome.com/"
1516000279426	Marionette	DEBUG	Received DOM event "pagehide" for "https://mail.fiberhome.com/"
1516000279427	Marionette	DEBUG	Received DOM event "unload" for "https://mail.fiberhome.com/"
1516000279786	Marionette	DEBUG	Received observer notification "outer-window-destroyed" for "4294967306"
1516000279797	Marionette	DEBUG	Received DOM event "DOMContentLoaded" for "https://mail.fiberhome.com/coremail/XT3/index.jsp?sid=BAujGwsspAPQeqyYbhssfjBBZvTLNfbq#/md=welcome&_suid=795"
1516000280353	Marionette	DEBUG	Received DOM event "pageshow" for "https://mail.fiberhome.com/coremail/XT3/index.jsp?sid=BAujGwsspAPQeqyYbhssfjBBZvTLNfbq#/md=welcome&_suid=795"
1516000280393	Marionette	DEBUG	Received DOM event "popstate" for "https://mail.fiberhome.com/coremail/XT3/index.jsp?sid=BAujGwsspAPQeqyYbhssfjBBZvTLNfbq#/md=folder&_suid=403"
1516000280615	Marionette	DEBUG	Canceled page load listener because no navigation has been detected
Unable to read VR Path Registry from C:\Users\xhchen\AppData\Local\openvr\openvrpaths.vrpath
[Child 30876, Chrome_ChildThread] WARNING: pipe error: 109: file z:/build/build/src/ipc/chromium/src/chrome/common/ipc_channel_win.cc, line 346
[Child 30876, Chrome_ChildThread] WARNING: pipe error: 109: file z:/build/build/src/ipc/chromium/src/chrome/common/ipc_channel_win.cc, line 346
Unable to read VR Path Registry from C:\Users\xhchen\AppData\Local\openvr\openvrpaths.vrpath
[Child 9960, Chrome_ChildThread] WARNING: pipe error: 109: file z:/build/build/src/ipc/chromium/src/chrome/common/ipc_channel_win.cc, line 346
Unable to read VR Path Registry from C:\Users\xhchen\AppData\Local\openvr\openvrpaths.vrpath
[GPU 31172, Chrome_ChildThread] WARNING: pipe error: 109: file z:/build/build/src/ipc/chromium/src/chrome/common/ipc_channel_win.cc, line 346

###!!! [Child][MessageChannel::SendAndWait] Error: Channel error: cannot send/recv

Unable to read VR Path Registry from C:\Users\xhchen\AppData\Local\openvr\openvrpaths.vrpath
 for window 4294967297
1516000379576	Marionette	DEBUG	Received DOM event "beforeunload" for "about:blank"
1516000379794	Marionette	DEBUG	Received DOM event "pagehide" for "about:blank"
1516000379794	Marionette	DEBUG	Received DOM event "unload" for "about:blank"
1516000380297	Marionette	DEBUG	Received DOM event "DOMContentLoaded" for "https://mail.fiberhome.com/"
1516000380445	Marionette	DEBUG	Received DOM event "pageshow" for "https://mail.fiberhome.com/"
1516000380581	Marionette	DEBUG	Received DOM event "beforeunload" for "https://mail.fiberhome.com/"
1516000383205	Marionette	DEBUG	Received DOM event "pagehide" for "https://mail.fiberhome.com/"
1516000383205	Marionette	DEBUG	Received DOM event "unload" for "https://mail.fiberhome.com/"
1516000383699	Marionette	DEBUG	Received observer notification "outer-window-destroyed" for "4294967306"
1516000383710	Marionette	DEBUG	Received DOM event "DOMContentLoaded" for "https://mail.fiberhome.com/coremail/XT3/index.jsp?sid=BAkjGwsspnPQeqsnbhssWezbUVMacmbq#/md=welcome&_suid=696"
1516000384634	Marionette	DEBUG	Received DOM event "pageshow" for "https://mail.fiberhome.com/coremail/XT3/index.jsp?sid=BAkjGwsspnPQeqsnbhssWezbUVMacmbq#/md=welcome&_suid=696"
1516000384662	Marionette	DEBUG	Received DOM event "popstate" for "https://mail.fiberhome.com/coremail/XT3/index.jsp?sid=BAkjGwsspnPQeqsnbhssWezbUVMacmbq#/md=folder&_suid=883"
1516000385557	Marionette	DEBUG	Received DOM event "beforeunload" for "https://mail.fiberhome.com/coremail/XT3/index.jsp?sid=BAkjGwsspnPQeqsnbhssWezbUVMacmbq#/md=folder&_suid=883"
1516000385600	Marionette	DEBUG	Received DOM event "pagehide" for "https://mail.fiberhome.com/coremail/XT3/index.jsp?sid=BAkjGwsspnPQeqsnbhssWezbUVMacmbq#/md=folder&_suid=883"
1516000385601	Marionette	DEBUG	Received DOM event "unload" for "https://mail.fiberhome.com/coremail/XT3/index.jsp?sid=BAkjGwsspnPQeqsnbhssWezbUVMacmbq#/md=folder&_suid=883"
1516000385783	Marionette	DEBUG	Received observer notification "outer-window-destroyed" for "4294967319"
1516000385792	Marionette	DEBUG	Received DOM event "DOMContentLoaded" for "https://mail.fiberhome.com/coremail/XT3/index.jsp?sid=BAkjGwsspnPQeqsnbhssWezbUVMacmbq#/md=welcome&_suid=696"
1516000385793	Marionette	DEBUG	Received observer notification "outer-window-destroyed" for "4294967302"
1516000385793	Marionette	DEBUG	Received observer notification "outer-window-destroyed" for "4294967307"
1516000385793	Marionette	DEBUG	Received observer notification "outer-window-destroyed" for "4294967310"
1516000385793	Marionette	DEBUG	Received observer notification "outer-window-destroyed" for "4294967304"
1516000385794	Marionette	DEBUG	Received observer notification "outer-window-destroyed" for "4294967305"
1516000386758	Marionette	DEBUG	Received DOM event "pageshow" for "https://mail.fiberhome.com/coremail/XT3/index.jsp?sid=BAkjGwsspnPQeqsnbhssWezbUVMacmbq#/md=welcome&_suid=696"
[Parent 31364, Gecko_IOThread] WARNING: pipe error: 109: file z:/build/build/src/ipc/chromium/src/chrome/common/ipc_channel_win.cc, line 346
Unable to read VR Path Registry from C:\Users\xhchen\AppData\Local\openvr\openvrpaths.vrpath
[Child 31724, Chrome_ChildThread] WARNING: pipe error: 109: file z:/build/build/src/ipc/chromium/src/chrome/common/ipc_channel_win.cc, line 346
Marionette threw an error: [Exception... "Component returned failure code: 0x80070057 (NS_ERROR_ILLEGAL_VALUE) [nsIMessageSender.sendAsyncMessage]"  nsresult: "0x80070057 (NS_ERROR_ILLEGAL_VALUE)"  location: "JS frame :: chrome://marionette/content/proxy.js :: sendReply_ :: line 276"  data: no]
sendReply_@chrome://marionette/content/proxy.js:276:5
reply@chrome://marionette/content/proxy.js:256:7
sendToServer@chrome://marionette/content/listener.js:734:3
sendError@chrome://marionette/content/listener.js:768:3
dispatch/</<@chrome://marionette/content/listener.js:532:40

Unable to read VR Path Registry from C:\Users\xhchen\AppData\Local\openvr\openvrpaths.vrpath
[Child 31592, Chrome_ChildThread] WARNING: pipe error: 109: file z:/build/build/src/ipc/chromium/src/chrome/common/ipc_channel_win.cc, line 346
[Child 31592, Chrome_ChildThread] WARNING: pipe error: 109: file z:/build/build/src/ipc/chromium/src/chrome/common/ipc_channel_win.cc, line 346
*** UTM:SVC TimerManager:registerTimer called after profile-before-change notification. Ignoring timer registration for id: telemetry_modules_ping

###!!! [Child][MessageChannel::SendAndWait] Error: Channel error: cannot send/recv

1516000547939	geckodriver	INFO	geckodriver 0.19.1
1516000547949	geckodriver	INFO	Listening on 127.0.0.1:28928
1516000549906	mozrunner::runner	INFO	Running command: "C:\\Program Files (x86)\\Mozilla Firefox\\firefox.exe" "-marionette" "-profile" "C:\\Users\\xhchen\\AppData\\Local\\Temp\\rust_mozprofile.IZO6gWZQe5QA"
1516000551189	Marionette	INFO	Enabled via --marionette
Unable to read VR Path Registry from C:\Users\xhchen\AppData\Local\openvr\openvrpaths.vrpath
[Child 30260, Chrome_ChildThread] WARNING: pipe error: 109: file z:/build/build/src/ipc/chromium/src/chrome/common/ipc_channel_win.cc, line 346
[Child 30260, Chrome_ChildThread] WARNING: pipe error: 109: file z:/build/build/src/ipc/chromium/src/chrome/common/ipc_channel_win.cc, line 346
1516000554668	Marionette	INFO	Listening on port 28936
1516000555115	Marionette	WARN	TLS certificate errors will be ignored for this session
1516000555157	Marionette	DEBUG	Register listener.js for window 4294967297
1516000555175	Marionette	DEBUG	Received DOM event "beforeunload" for "about:blank"
1516000555404	Marionette	DEBUG	Received DOM event "pagehide" for "about:blank"
1516000555404	Marionette	DEBUG	Received DOM event "unload" for "about:blank"
1516000555822	Marionette	DEBUG	Received DOM event "DOMContentLoaded" for "https://mail.fiberhome.com/"
1516000555971	Marionette	DEBUG	Received DOM event "pageshow" for "https://mail.fiberhome.com/"
1516000556068	Marionette	DEBUG	Received DOM event "beforeunload" for "https://mail.fiberhome.com/"
1516000556581	Marionette	DEBUG	Received DOM event "pagehide" for "https://mail.fiberhome.com/"
1516000556582	Marionette	DEBUG	Received DOM event "unload" for "https://mail.fiberhome.com/"
1516000556758	Marionette	DEBUG	Received observer notification "outer-window-destroyed" for "4294967306"
1516000556770	Marionette	DEBUG	Received DOM event "DOMContentLoaded" for "https://mail.fiberhome.com/coremail/XT3/index.jsp?sid=BArjGwssGwaQeqCnbhssezVlqKWwKZbq#/md=welcome&_suid=886"
1516000557729	Marionette	DEBUG	Received DOM event "pageshow" for "https://mail.fiberhome.com/coremail/XT3/index.jsp?sid=BArjGwssGwaQeqCnbhssezVlqKWwKZbq#/md=welcome&_suid=886"
1516000557749	Marionette	DEBUG	Received DOM event "popstate" for "https://mail.fiberhome.com/coremail/XT3/index.jsp?sid=BArjGwssGwaQeqCnbhssezVlqKWwKZbq#/md=folder&_suid=817"
1516000557965	Marionette	DEBUG	Canceled page load listener because no navigation has been detected
1516000563053	Marionette	DEBUG	Canceled page load listener because no navigation has been detected
1516000563300	Marionette	DEBUG	Canceled page load listener because no navigation has been detected
1516000563308	Marionette	DEBUG	Received DOM event "beforeunload" for "https://mail.fiberhome.com/coremail/XT3/index.jsp?sid=BArjGwssGwaQeqCnbhssezVlqKWwKZbq#/md=folder&_suid=817"
1516000563338	Marionette	DEBUG	Received DOM event "pagehide" for "https://mail.fiberhome.com/coremail/XT3/index.jsp?sid=BArjGwssGwaQeqCnbhssezVlqKWwKZbq#/md=folder&_suid=817"
1516000563339	Marionette	DEBUG	Received DOM event "unload" for "https://mail.fiberhome.com/coremail/XT3/index.jsp?sid=BArjGwssGwaQeqCnbhssezVlqKWwKZbq#/md=folder&_suid=817"
1516000563521	Marionette	DEBUG	Received observer notification "outer-window-destroyed" for "4294967320"
1516000563536	Marionette	DEBUG	Received DOM event "DOMContentLoaded" for "https://mail.fiberhome.com/coremail/XT3/index.jsp?sid=BArjGwssGwaQeqCnbhssezVlqKWwKZbq#/md=welcome&_suid=886"
1516000563552	Marionette	DEBUG	Received observer notification "outer-window-destroyed" for "4294967302"
1516000563552	Marionette	DEBUG	Received observer notification "outer-window-destroyed" for "4294967307"
1516000563552	Marionette	DEBUG	Received observer notification "outer-window-destroyed" for "4294967310"
1516000563552	Marionette	DEBUG	Received observer notification "outer-window-destroyed" for "4294967304"
1516000563553	Marionette	DEBUG	Received observer notification "outer-window-destroyed" for "4294967305"
1516000563888	Marionette	DEBUG	Received DOM event "pageshow" for "https://mail.fiberhome.com/coremail/XT3/index.jsp?sid=BArjGwssGwaQeqCnbhssezVlqKWwKZbq#/md=welcome&_suid=886"
1516000564139	Marionette	DEBUG	Canceled page load listener because no navigation has been detected
1516000564156	Marionette	DEBUG	Received DOM event "popstate" for "https://mail.fiberhome.com/coremail/XT3/index.jsp?sid=BArjGwssGwaQeqCnbhssezVlqKWwKZbq#/md=folder&_suid=699"
1516000564379	Marionette	DEBUG	Canceled page load listener because no navigation has been detected
Unable to read VR Path Registry from C:\Users\xhchen\AppData\Local\openvr\openvrpaths.vrpath
JavaScript error: https://mail.fiberhome.com/coremail/XT3/assets/70572/js/ajax/list.js, line 16: TypeError: _7 is undefined
[Child 30708, Chrome_ChildThread] WARNING: pipe error: 109: file z:/build/build/src/ipc/chromium/src/chrome/common/ipc_channel_win.cc, line 346
[Child 30708, Chrome_ChildThread] WARNING: pipe error: 109: file z:/build/build/src/ipc/chromium/src/chrome/common/ipc_channel_win.cc, line 346
Unable to read VR Path Registry from C:\Users\xhchen\AppData\Local\openvr\openvrpaths.vrpath
[Child 27884, Chrome_ChildThread] WARNING: pipe error: 109: file z:/build/build/src/ipc/chromium/src/chrome/common/ipc_channel_win.cc, line 346
*** UTM:SVC TimerManager:registerTimer called after profile-before-change notification. Ignoring timer registration for id: telemetry_modules_ping
Unable to read VR Path Registry from C:\Users\xhchen\AppData\Local\openvr\openvrpaths.vrpath
[GPU 29780, Chrome_ChildThread] WARNING: pipe error: 109: file z:/build/build/src/ipc/chromium/src/chrome/common/ipc_channel_win.cc, line 346
Unable to read VR Path Registry from C:\Users\xhchen\AppData\Local\openvr\openvrpaths.vrpath
1521509878573	geckodriver	INFO	geckodriver 0.19.1
1521509878635	geckodriver	INFO	Listening on 127.0.0.1:45911
1521509880880	mozrunner::runner	INFO	Running command: "C:\\Program Files (x86)\\Mozilla Firefox\\firefox.exe" "-marionette" "-profile" "C:\\Users\\xhchen\\AppData\\Local\\Temp\\rust_mozprofile.AAwHyiG21oXO"
1521509890025	Marionette	INFO	Enabled via --marionette
Unable to read VR Path Registry from C:\Users\xhchen\AppData\Local\openvr\openvrpaths.vrpath
[Parent 20496, Gecko_IOThread] WARNING: pipe error: 109: file z:/build/build/src/ipc/chromium/src/chrome/common/ipc_channel_win.cc, line 346
Unable to read VR Path Registry from C:\Users\xhchen\AppData\Local\openvr\openvrpaths.vrpath
[Child 4820, Chrome_ChildThread] WARNING: pipe error: 109: file z:/build/build/src/ipc/chromium/src/chrome/common/ipc_channel_win.cc, line 346
[Child 4820, Chrome_ChildThread] WARNING: pipe error: 109: file z:/build/build/src/ipc/chromium/src/chrome/common/ipc_channel_win.cc, line 346

###!!! [Parent][MessageChannel] Error: (msgtype=0x1000B,name=PAPZ::Msg_Destroy) Channel error: cannot send/recv

1521509910439	Marionette	INFO	Listening on port 45921
1521509911727	Marionette	WARN	TLS certificate errors will be ignored for this session
JavaScript error: resource://devtools/client/jsonview/converter-observer.js, line 76: NS_ERROR_NOT_AVAILABLE: Component returned failure code: 0x80040111 (NS_ERROR_NOT_AVAILABLE) [nsIChannel.contentType]
[Parent 20496, Gecko_IOThread] WARNING: pipe error: 109: file z:/build/build/src/ipc/chromium/src/chrome/common/ipc_channel_win.cc, line 346
Unable to read VR Path Registry from C:\Users\xhchen\AppData\Local\openvr\openvrpaths.vrpath
[Child 20968, Chrome_ChildThread] WARNING: pipe error: 109: file z:/build/build/src/ipc/chromium/src/chrome/common/ipc_channel_win.cc, line 346
Unable to read VR Path Registry from C:\Users\xhchen\AppData\Local\openvr\openvrpaths.vrpath
[Child 18608, Chrome_ChildThread] WARNING: pipe error: 109: file z:/build/build/src/ipc/chromium/src/chrome/common/ipc_channel_win.cc, line 346
[Parent 20496, Gecko_IOThread] WARNING: pipe error: 109: file z:/build/build/src/ipc/chromium/src/chrome/common/ipc_channel_win.cc, line 346
Unable to read VR Path Registry from C:\Users\xhchen\AppData\Local\openvr\openvrpaths.vrpath
[Child 5968, Chrome_ChildThread] WARNING: pipe error: 109: file z:/build/build/src/ipc/chromium/src/chrome/common/ipc_channel_win.cc, line 346
*** UTM:SVC TimerManager:registerTimer called after profile-before-change notification. Ignoring timer registration for id: telemetry_modules_ping
Unable to read VR Path Registry from C:\Users\xhchen\AppData\Local\openvr\openvrpaths.vrpath
[GPU 10556, Chrome_ChildThread] WARNING: pipe error: 109: file z:/build/build/src/ipc/chromium/src/chrome/common/ipc_channel_win.cc, line 346

###!!! [Child][MessageChannel::SendAndWait] Error: Channel error: cannot send/recv

1521509931267	geckodriver	INFO	geckodriver 0.19.1
1521509931273	geckodriver	INFO	Listening on 127.0.0.1:46019
1521509933329	mozrunner::runner	INFO	Running command: "C:\\Program Files (x86)\\Mozilla Firefox\\firefox.exe" "-marionette" "-profile" "C:\\Users\\xhchen\\AppData\\Local\\Temp\\rust_mozprofile.HEeTvpfN08iz"
1521509934802	Marionette	INFO	Enabled via --marionette
1521509937235	Marionette	INFO	Listening on port 46027
1521509937448	Marionette	WARN	TLS certificate errors will be ignored for this session
Unable to read VR Path Registry from C:\Users\xhchen\AppData\Local\openvr\openvrpaths.vrpath
JavaScript error: resource:///modules/ContentMetaHandler.jsm, line 156: NS_ERROR_ILLEGAL_VALUE: Component returned failure code: 0x80070057 (NS_ERROR_ILLEGAL_VALUE) [nsIMessageSender.sendAsyncMessage]
JavaScript error: https://mail.fiberhome.com/coremail/XT3/assets/70572/js/ajax/list.js, line 16: TypeError: _7 is undefined
JavaScript error: https://mail.fiberhome.com/coremail/XT3/assets/70572/js/ajax/list.js, line 16: TypeError: _7 is undefined
JavaScript error: https://mail.fiberhome.com/coremail/XT3/assets/70572/js/ajax/list.js, line 16: TypeError: _7 is undefined
JavaScript error: https://mail.fiberhome.com/coremail/XT3/assets/70572/js/ajax/list.js, line 16: TypeError: _7 is undefined
JavaScript error: https://mail.fiberhome.com/coremail/XT3/assets/70572/js/ajax/list.js, line 16: TypeError: _7 is undefined
JavaScript error: https://mail.fiberhome.com/coremail/XT3/assets/70572/js/ajax/list.js, line 16: TypeError: _7 is undefined
JavaScript error: https://mail.fiberhome.com/coremail/XT3/assets/70572/js/ajax/list.js, line 16: TypeError: _7 is undefined
JavaScript error: https://mail.fiberhome.com/coremail/XT3/assets/70572/js/ajax/list.js, line 16: TypeError: _7 is undefined
JavaScript error: https://mail.fiberhome.com/coremail/XT3/assets/70572/js/ajax/list.js, line 16: TypeError: _7 is undefined
JavaScript error: https://mail.fiberhome.com/coremail/XT3/assets/70572/js/ajax/list.js, line 16: TypeError: _7 is undefined
JavaScript error: https://mail.fiberhome.com/coremail/XT3/assets/70572/js/ajax/list.js, line 16: TypeError: _7 is undefined
JavaScript error: https://mail.fiberhome.com/coremail/XT3/assets/70572/js/ajax/list.js, line 16: TypeError: _7 is undefined
JavaScript error: https://mail.fiberhome.com/coremail/XT3/assets/70572/js/ajax/list.js, line 16: TypeError: _7 is undefined
JavaScript error: https://mail.fiberhome.com/coremail/XT3/assets/70572/js/ajax/list.js, line 16: TypeError: _7 is undefined
JavaScript error: https://mail.fiberhome.com/coremail/XT3/assets/70572/js/ajax/list.js, line 16: TypeError: _7 is undefined
JavaScript error: https://mail.fiberhome.com/coremail/XT3/assets/70572/js/ajax/list.js, line 16: TypeError: _7 is undefined
JavaScript error: https://mail.fiberhome.com/coremail/XT3/assets/70572/js/ajax/list.js, line 16: TypeError: _7 is undefined
JavaScript error: https://mail.fiberhome.com/coremail/XT3/assets/70572/js/ajax/list.js, line 16: TypeError: _7 is undefined
Unable to read VR Path Registry from C:\Users\xhchen\AppData\Local\openvr\openvrpaths.vrpath
[Parent 16696, Gecko_IOThread] WARNING: pipe error: 109: file z:/build/build/src/ipc/chromium/src/chrome/common/ipc_channel_win.cc, line 346
[Parent 16696, Gecko_IOThread] WARNING: pipe error: 109: file z:/build/build/src/ipc/chromium/src/chrome/common/ipc_channel_win.cc, line 346
Unable to read VR Path Registry from C:\Users\xhchen\AppData\Local\openvr\openvrpaths.vrpath
[Child 10560, Chrome_ChildThread] WARNING: pipe error: 109: file z:/build/build/src/ipc/chromium/src/chrome/common/ipc_channel_win.cc, line 346
[Child 10560, Chrome_ChildThread] WARNING: pipe error: 109: file z:/build/build/src/ipc/chromium/src/chrome/common/ipc_channel_win.cc, line 346
[Child 22380, Chrome_ChildThread] WARNING: pipe error: 109: file z:/build/build/src/ipc/chromium/src/chrome/common/ipc_channel_win.cc, line 346
[Child 22380, Chrome_ChildThread] WARNING: pipe error: 109: file z:/build/build/src/ipc/chromium/src/chrome/common/ipc_channel_win.cc, line 346
Unable to read VR Path Registry from C:\Users\xhchen\AppData\Local\openvr\openvrpaths.vrpath
[Child 14632, Chrome_ChildThread] WARNING: pipe error: 109: file z:/build/build/src/ipc/chromium/src/chrome/common/ipc_channel_win.cc, line 346
[Child 14632, Chrome_ChildThread] WARNING: pipe error: 109: file z:/build/build/src/ipc/chromium/src/chrome/common/ipc_channel_win.cc, line 346
*** UTM:SVC TimerManager:registerTimer called after profile-before-change notification. Ignoring timer registration for id: telemetry_modules_ping

###!!! [Child][MessageChannel::SendAndWait] Error: Channel error: cannot send/recv

1521510072707	geckodriver	INFO	geckodriver 0.19.1
1521510072722	geckodriver	INFO	Listening on 127.0.0.1:46182
1521510074683	mozrunner::runner	INFO	Running command: "C:\\Program Files (x86)\\Mozilla Firefox\\firefox.exe" "-marionette" "-profile" "C:\\Users\\xhchen\\AppData\\Local\\Temp\\rust_mozprofile.yKYXJTv8eu0l"
1521510076167	Marionette	INFO	Enabled via --marionette
1521510083514	Marionette	INFO	Listening on port 46188
Unable to read VR Path Registry from C:\Users\xhchen\AppData\Local\openvr\openvrpaths.vrpath
[Child 22284, Chrome_ChildThread] WARNING: pipe error: 109: file z:/build/build/src/ipc/chromium/src/chrome/common/ipc_channel_win.cc, line 346
[Child 22284, Chrome_ChildThread] WARNING: pipe error: 109: file z:/build/build/src/ipc/chromium/src/chrome/common/ipc_channel_win.cc, line 346
1521510084456	Marionette	WARN	TLS certificate errors will be ignored for this session
1521511041321	geckodriver	INFO	geckodriver 0.19.1
1521511041348	geckodriver	INFO	Listening on 127.0.0.1:47070
1521511043416	mozrunner::runner	INFO	Running command: "C:\\Program Files (x86)\\Mozilla Firefox\\firefox.exe" "-marionette" "-profile" "C:\\Users\\xhchen\\AppData\\Local\\Temp\\rust_mozprofile.YGOb5AXuEMEj"
1521511052226	Marionette	INFO	Enabled via --marionette
Unable to read VR Path Registry from C:\Users\xhchen\AppData\Local\openvr\openvrpaths.vrpath
[Parent 9256, Gecko_IOThread] WARNING: pipe error: 109: file z:/build/build/src/ipc/chromium/src/chrome/common/ipc_channel_win.cc, line 346
Unable to read VR Path Registry from C:\Users\xhchen\AppData\Local\openvr\openvrpaths.vrpath
[Child 20740, Chrome_ChildThread] WARNING: pipe error: 109: file z:/build/build/src/ipc/chromium/src/chrome/common/ipc_channel_win.cc, line 346
[Child 20740, Chrome_ChildThread] WARNING: pipe error: 109: file z:/build/build/src/ipc/chromium/src/chrome/common/ipc_channel_win.cc, line 346
1521511071599	Marionette	INFO	Listening on port 47081
1521511072773	Marionette	WARN	TLS certificate errors will be ignored for this session
JavaScript error: resource://devtools/client/jsonview/converter-observer.js, line 76: NS_ERROR_NOT_AVAILABLE: Component returned failure code: 0x80040111 (NS_ERROR_NOT_AVAILABLE) [nsIChannel.contentType]
Unable to read VR Path Registry from C:\Users\xhchen\AppData\Local\openvr\openvrpaths.vrpath
JavaScript error: https://mail.fiberhome.com/coremail/XT3/assets/70572/js/ajax/list.js, line 16: TypeError: _7 is undefined
JavaScript error: https://mail.fiberhome.com/coremail/XT3/assets/70572/js/ajax/list.js, line 16: TypeError: _7 is undefined
[Parent 9256, Gecko_IOThread] WARNING: pipe error: 109: file z:/build/build/src/ipc/chromium/src/chrome/common/ipc_channel_win.cc, line 346
[Parent 9256, Gecko_IOThread] WARNING: pipe error: 109: file z:/build/build/src/ipc/chromium/src/chrome/common/ipc_channel_win.cc, line 346
Unable to read VR Path Registry from C:\Users\xhchen\AppData\Local\openvr\openvrpaths.vrpath
[Child 21132, Chrome_ChildThread] WARNING: pipe error: 109: file z:/build/build/src/ipc/chromium/src/chrome/common/ipc_channel_win.cc, line 346
[Child 21132, Chrome_ChildThread] WARNING: pipe error: 109: file z:/build/build/src/ipc/chromium/src/chrome/common/ipc_channel_win.cc, line 346
[Child 22180, Chrome_ChildThread] WARNING: pipe error: 109: file z:/build/build/src/ipc/chromium/src/chrome/common/ipc_channel_win.cc, line 346
[Child 22180, Chrome_ChildThread] WARNING: pipe error: 109: file z:/build/build/src/ipc/chromium/src/chrome/common/ipc_channel_win.cc, line 346
Unable to read VR Path Registry from C:\Users\xhchen\AppData\Local\openvr\openvrpaths.vrpath
[Child 7192, Chrome_ChildThread] WARNING: pipe error: 109: file z:/build/build/src/ipc/chromium/src/chrome/common/ipc_channel_win.cc, line 346
Unable to read VR Path Registry from C:\Users\xhchen\AppData\Local\openvr\openvrpaths.vrpath
[GPU 10080, Chrome_ChildThread] WARNING: pipe error: 109: file z:/build/build/src/ipc/chromium/src/chrome/common/ipc_channel_win.cc, line 346

###!!! [Child][MessageChannel::SendAndWait] Error: Channel error: cannot send/recv

1521511229798	geckodriver	INFO	geckodriver 0.19.1
1521511229807	geckodriver	INFO	Listening on 127.0.0.1:47475
1521511231781	mozrunner::runner	INFO	Running command: "C:\\Program Files (x86)\\Mozilla Firefox\\firefox.exe" "-marionette" "-profile" "C:\\Users\\xhchen\\AppData\\Local\\Temp\\rust_mozprofile.f7qxgfrIH9JM"
1521511233446	Marionette	INFO	Enabled via --marionette
1521511236067	Marionette	INFO	Listening on port 47484
1521511236992	Marionette	WARN	TLS certificate errors will be ignored for this session
Unable to read VR Path Registry from C:\Users\xhchen\AppData\Local\openvr\openvrpaths.vrpath
JavaScript error: https://mail.fiberhome.com/coremail/XT3/assets/70572/js/ajax/list.js, line 16: TypeError: _7 is undefined
Unable to read VR Path Registry from C:\Users\xhchen\AppData\Local\openvr\openvrpaths.vrpath
[Parent 15892, Gecko_IOThread] WARNING: pipe error: 109: file z:/build/build/src/ipc/chromium/src/chrome/common/ipc_channel_win.cc, line 346
Unable to read VR Path Registry from C:\Users\xhchen\AppData\Local\openvr\openvrpaths.vrpath
[Child 10724, Chrome_ChildThread] WARNING: pipe error: 109: file z:/build/build/src/ipc/chromium/src/chrome/common/ipc_channel_win.cc, line 346
1521511310321	geckodriver	INFO	geckodriver 0.19.1
1521511310327	geckodriver	INFO	Listening on 127.0.0.1:47680
1521511312385	mozrunner::runner	INFO	Running command: "C:\\Program Files (x86)\\Mozilla Firefox\\firefox.exe" "-marionette" "-profile" "C:\\Users\\xhchen\\AppData\\Local\\Temp\\rust_mozprofile.XS1L40AI5ECN"
1521511313522	Marionette	INFO	Enabled via --marionette
1521511315849	Marionette	INFO	Listening on port 47688
1521511316012	Marionette	WARN	TLS certificate errors will be ignored for this session
Unable to read VR Path Registry from C:\Users\xhchen\AppData\Local\openvr\openvrpaths.vrpath
JavaScript error: https://mail.fiberhome.com/coremail/XT3/assets/70572/js/ajax/list.js, line 16: TypeError: _7 is undefined
console.error: 
  Message: [Exception... "Component is not available"  nsresult: "0x80040111 (NS_ERROR_NOT_AVAILABLE)"  location: "JS frame :: resource://devtools/shared/base-loader.js -> resource://devtools/server/actors/styles.js :: getAppliedProps :: line 692"  data: no]
  Stack:
    getAppliedProps@resource://devtools/shared/base-loader.js -> resource://devtools/server/actors/styles.js:692:11
PageStyleActor<.getApplied<@resource://devtools/shared/base-loader.js -> resource://devtools/server/actors/styles.js:459:18
_run@resource://devtools/shared/base-loader.js -> resource://devtools/shared/task.js:310:39
TaskImpl@resource://devtools/shared/base-loader.js -> resource://devtools/shared/task.js:272:3
asyncFunction@resource://devtools/shared/base-loader.js -> resource://devtools/shared/task.js:246:14
handler@resource://devtools/shared/base-loader.js -> resource://devtools/shared/protocol.js:1106:19
onPacket@resource://devtools/shared/base-loader.js -> resource://devtools/server/main.js:1791:15
receiveMessage@resource://devtools/shared/base-loader.js -> resource://devtools/shared/transport/transport.js:761:7

getAppliedProps@resource://devtools/shared/base-loader.js -> resource://devtools/server/actors/styles.js:692:11
PageStyleActor<.getApplied<@resource://devtools/shared/base-loader.js -> resource://devtools/server/actors/styles.js:459:18
_run@resource://devtools/shared/base-loader.js -> resource://devtools/shared/task.js:310:39
TaskImpl@resource://devtools/shared/base-loader.js -> resource://devtools/shared/task.js:272:3
asyncFunction@resource://devtools/shared/base-loader.js -> resource://devtools/shared/task.js:246:14
handler@resource://devtools/shared/base-loader.js -> resource://devtools/shared/protocol.js:1106:19
onPacket@resource://devtools/shared/base-loader.js -> resource://devtools/server/main.js:1791:15
receiveMessage@resource://devtools/shared/base-loader.js -> resource://devtools/shared/transport/transport.js:761:7
console.error: 
  unknownError
console.error: 
  unknownError
JavaScript error: https://mail.fiberhome.com/coremail/XT3/assets/70572/js/ajax/list.js, line 16: TypeError: _7 is undefined
JavaScript error: https://mail.fiberhome.com/coremail/XT3/assets/70572/js/ajax/list.js, line 16: TypeError: _7 is undefined
JavaScript error: https://mail.fiberhome.com/coremail/XT3/assets/70572/js/ajax/list.js, line 16: TypeError: _7 is undefined
JavaScript error: https://mail.fiberhome.com/coremail/XT3/assets/70572/js/ajax/list.js, line 16: TypeError: _7 is undefined
JavaScript error: https://mail.fiberhome.com/coremail/XT3/assets/70572/js/ajax/list.js, line 16: TypeError: _7 is undefined
JavaScript error: https://mail.fiberhome.com/coremail/XT3/assets/70572/js/ajax/list.js, line 16: TypeError: _7 is undefined
JavaScript error: https://mail.fiberhome.com/coremail/XT3/assets/70572/js/ajax/list.js, line 16: TypeError: _7 is undefined
JavaScript error: https://mail.fiberhome.com/coremail/XT3/assets/70572/js/ajax/list.js, line 16: TypeError: _7 is undefined
JavaScript error: https://mail.fiberhome.com/coremail/XT3/assets/70572/js/ajax/list.js, line 16: TypeError: _7 is undefined
JavaScript error: https://mail.fiberhome.com/coremail/XT3/assets/70572/js/ajax/list.js, line 16: TypeError: _7 is undefined
JavaScript error: https://mail.fiberhome.com/coremail/XT3/assets/70572/js/ajax/list.js, line 16: TypeError: _7 is undefined
JavaScript error: https://mail.fiberhome.com/coremail/XT3/assets/70572/js/ajax/list.js, line 16: TypeError: _7 is undefined
JavaScript error: https://mail.fiberhome.com/coremail/XT3/assets/70572/js/ajax/list.js, line 16: TypeError: _7 is undefined
Unable to read VR Path Registry from C:\Users\xhchen\AppData\Local\openvr\openvrpaths.vrpath
[Child 14632, Chrome_ChildThread] WARNING: pipe error: 109: file z:/build/build/src/ipc/chromium/src/chrome/common/ipc_channel_win.cc, line 346
[Child 14632, Chrome_ChildThread] WARNING: pipe error: 109: file z:/build/build/src/ipc/chromium/src/chrome/common/ipc_channel_win.cc, line 346
[Child 17284, Chrome_ChildThread] WARNING: pipe error: 109: file z:/build/build/src/ipc/chromium/src/chrome/common/ipc_channel_win.cc, line 346
Unable to read VR Path Registry from C:\Users\xhchen\AppData\Local\openvr\openvrpaths.vrpath
[Parent 22344, Gecko_IOThread] WARNING: pipe error: 109: file z:/build/build/src/ipc/chromium/src/chrome/common/ipc_channel_win.cc, line 346
Unable to read VR Path Registry from C:\Users\xhchen\AppData\Local\openvr\openvrpaths.vrpath
[Child 9752, Chrome_ChildThread] WARNING: pipe error: 109: file z:/build/build/src/ipc/chromium/src/chrome/common/ipc_channel_win.cc, line 346
[Child 9752, Chrome_ChildThread] WARNING: pipe error: 109: file z:/build/build/src/ipc/chromium/src/chrome/common/ipc_channel_win.cc, line 346

###!!! [Child][MessageChannel::SendAndWait] Error: Channel error: cannot send/recv

1521511567215	geckodriver	INFO	geckodriver 0.19.1
1521511567224	geckodriver	INFO	Listening on 127.0.0.1:48194
1521511569266	mozrunner::runner	INFO	Running command: "C:\\Program Files (x86)\\Mozilla Firefox\\firefox.exe" "-marionette" "-profile" "C:\\Users\\xhchen\\AppData\\Local\\Temp\\rust_mozprofile.9q5R0scIlX5L"
1521511570852	Marionette	INFO	Enabled via --marionette
1521511573453	Marionette	INFO	Listening on port 48205
1521511575168	Marionette	WARN	TLS certificate errors will be ignored for this session
Unable to read VR Path Registry from C:\Users\xhchen\AppData\Local\openvr\openvrpaths.vrpath
JavaScript error: resource://devtools/client/jsonview/converter-observer.js, line 76: NS_ERROR_NOT_AVAILABLE: Component returned failure code: 0x80040111 (NS_ERROR_NOT_AVAILABLE) [nsIChannel.contentType]
Unable to read VR Path Registry from C:\Users\xhchen\AppData\Local\openvr\openvrpaths.vrpath
JavaScript error: https://mail.fiberhome.com/coremail/XT3/assets/70572/js/ajax/list.js, line 16: TypeError: _7 is undefined
JavaScript error: https://mail.fiberhome.com/coremail/XT3/assets/70572/js/ajax/list.js, line 16: TypeError: _7 is undefined
JavaScript error: https://mail.fiberhome.com/coremail/XT3/assets/70572/js/ajax/list.js, line 16: TypeError: _7 is undefined
JavaScript error: https://mail.fiberhome.com/coremail/XT3/assets/70572/js/ajax/list.js, line 16: TypeError: _7 is undefined
JavaScript error: https://mail.fiberhome.com/coremail/XT3/assets/70572/js/ajax/list.js, line 16: TypeError: _7 is undefined
JavaScript error: https://mail.fiberhome.com/coremail/XT3/assets/70572/js/ajax/list.js, line 16: TypeError: _7 is undefined
JavaScript error: https://mail.fiberhome.com/coremail/XT3/assets/70572/js/ajax/list.js, line 16: TypeError: _7 is undefined
JavaScript error: https://mail.fiberhome.com/coremail/XT3/assets/70572/js/ajax/list.js, line 16: TypeError: _7 is undefined
JavaScript error: https://mail.fiberhome.com/coremail/XT3/assets/70572/js/ajax/list.js, line 16: TypeError: _7 is undefined
JavaScript error: https://mail.fiberhome.com/coremail/XT3/assets/70572/js/ajax/list.js, line 16: TypeError: _7 is undefined
JavaScript error: https://mail.fiberhome.com/coremail/XT3/assets/70572/js/ajax/list.js, line 16: TypeError: _7 is undefined
JavaScript error: https://mail.fiberhome.com/coremail/XT3/assets/70572/js/ajax/list.js, line 16: TypeError: _7 is undefined
JavaScript error: https://mail.fiberhome.com/coremail/XT3/assets/70572/js/tab/tabengine.js, line 486: SecurityError: Permission denied to access property "href" on cross-origin object
JavaScript error: https://mail.fiberhome.com/coremail/XT3/assets/70572/js/ajax/list.js, line 16: TypeError: _7 is undefined
JavaScript error: https://mail.fiberhome.com/coremail/XT3/assets/70572/js/ajax/list.js, line 16: TypeError: _7 is undefined
JavaScript error: https://mail.fiberhome.com/coremail/XT3/assets/70572/js/ajax/list.js, line 16: TypeError: _7 is undefined
JavaScript error: https://mail.fiberhome.com/coremail/XT3/assets/70572/js/ajax/list.js, line 16: TypeError: _7 is undefined
JavaScript error: https://mail.fiberhome.com/coremail/XT3/assets/70572/js/ajax/list.js, line 16: TypeError: _7 is undefined
JavaScript error: https://mail.fiberhome.com/coremail/XT3/assets/70572/js/ajax/list.js, line 16: TypeError: _7 is undefined
JavaScript error: https://mail.fiberhome.com/coremail/XT3/assets/70572/js/ajax/list.js, line 16: TypeError: _7 is undefined
JavaScript error: https://mail.fiberhome.com/coremail/XT3/assets/70572/js/ajax/list.js, line 16: TypeError: _7 is undefined
JavaScript error: https://mail.fiberhome.com/coremail/XT3/assets/70572/js/ajax/list.js, line 16: TypeError: _7 is undefined
JavaScript error: https://mail.fiberhome.com/coremail/XT3/assets/70572/js/ajax/list.js, line 16: TypeError: _7 is undefined
JavaScript error: https://mail.fiberhome.com/coremail/XT3/assets/70572/js/ajax/list.js, line 16: TypeError: _7 is undefined
JavaScript error: https://mail.fiberhome.com/coremail/XT3/assets/70572/js/ajax/list.js, line 16: TypeError: _7 is undefined
JavaScript error: https://mail.fiberhome.com/coremail/XT3/assets/70572/js/ajax/list.js, line 16: TypeError: _7 is undefined
JavaScript error: https://mail.fiberhome.com/coremail/XT3/assets/70572/js/ajax/list.js, line 16: TypeError: _7 is undefined
[Parent 4656, Gecko_IOThread] WARNING: pipe error: 109: file z:/build/build/src/ipc/chromium/src/chrome/common/ipc_channel_win.cc, line 346
[Parent 4656, Gecko_IOThread] WARNING: pipe error: 109: file z:/build/build/src/ipc/chromium/src/chrome/common/ipc_channel_win.cc, line 346
Unable to read VR Path Registry from C:\Users\xhchen\AppData\Local\openvr\openvrpaths.vrpath
[Child 4508, Chrome_ChildThread] WARNING: pipe error: 109: file z:/build/build/src/ipc/chromium/src/chrome/common/ipc_channel_win.cc, line 346
[Parent 4656, Gecko_IOThread] WARNING: pipe error: 109: file z:/build/build/src/ipc/chromium/src/chrome/common/ipc_channel_win.cc, line 346
Unable to read VR Path Registry from C:\Users\xhchen\AppData\Local\openvr\openvrpaths.vrpath
[Child 19536, Chrome_ChildThread] WARNING: pipe error: 109: file z:/build/build/src/ipc/chromium/src/chrome/common/ipc_channel_win.cc, line 346
[Child 19536, Chrome_ChildThread] WARNING: pipe error: 109: file z:/build/build/src/ipc/chromium/src/chrome/common/ipc_channel_win.cc, line 346
1521511690837	geckodriver	INFO	geckodriver 0.19.1
1521511690849	geckodriver	INFO	Listening on 127.0.0.1:48529
1521511692856	mozrunner::runner	INFO	Running command: "C:\\Program Files (x86)\\Mozilla Firefox\\firefox.exe" "-marionette" "-profile" "C:\\Users\\xhchen\\AppData\\Local\\Temp\\rust_mozprofile.YJCC2l6gQLIi"
1521511694084	Marionette	INFO	Enabled via --marionette
1521511697031	Marionette	INFO	Listening on port 48539
1521511698680	Marionette	WARN	TLS certificate errors will be ignored for this session
Unable to read VR Path Registry from C:\Users\xhchen\AppData\Local\openvr\openvrpaths.vrpath
JavaScript error: https://mail.fiberhome.com/coremail/XT3/assets/70572/js/ajax/list.js, line 16: TypeError: _7 is undefined
JavaScript error: https://mail.fiberhome.com/coremail/XT3/assets/70572/js/ajax/list.js, line 16: TypeError: _7 is undefined
JavaScript error: https://mail.fiberhome.com/coremail/XT3/assets/70572/js/ajax/list.js, line 16: TypeError: _7 is undefined
JavaScript error: https://mail.fiberhome.com/coremail/XT3/assets/70572/js/ajax/list.js, line 16: TypeError: _7 is undefined
JavaScript error: https://mail.fiberhome.com/coremail/XT3/assets/70572/js/ajax/list.js, line 16: TypeError: _7 is undefined
JavaScript error: https://mail.fiberhome.com/coremail/XT3/assets/70572/js/ajax/list.js, line 16: TypeError: _7 is undefined
JavaScript error: https://mail.fiberhome.com/coremail/XT3/assets/70572/js/ajax/list.js, line 16: TypeError: _7 is undefined
JavaScript error: https://mail.fiberhome.com/coremail/XT3/assets/70572/js/ajax/list.js, line 16: TypeError: _7 is undefined
JavaScript error: https://mail.fiberhome.com/coremail/XT3/assets/70572/js/ajax/list.js, line 16: TypeError: _7 is undefined
JavaScript error: https://mail.fiberhome.com/coremail/XT3/assets/70572/js/ajax/list.js, line 16: TypeError: _7 is undefined
JavaScript error: https://mail.fiberhome.com/coremail/XT3/assets/70572/js/ajax/list.js, line 16: TypeError: _7 is undefined
Unable to read VR Path Registry from C:\Users\xhchen\AppData\Local\openvr\openvrpaths.vrpath
[Parent 11012, Gecko_IOThread] WARNING: pipe error: 109: file z:/build/build/src/ipc/chromium/src/chrome/common/ipc_channel_win.cc, line 346
Unable to read VR Path Registry from C:\Users\xhchen\AppData\Local\openvr\openvrpaths.vrpath
[Child 11440, Chrome_ChildThread] WARNING: pipe error: 109: file z:/build/build/src/ipc/chromium/src/chrome/common/ipc_channel_win.cc, line 346
[Child 11440, Chrome_ChildThread] WARNING: pipe error: 109: file z:/build/build/src/ipc/chromium/src/chrome/common/ipc_channel_win.cc, line 346
[Child 7024, Chrome_ChildThread] WARNING: pipe error: 109: file z:/build/build/src/ipc/chromium/src/chrome/common/ipc_channel_win.cc, line 346
[Child 7024, Chrome_ChildThread] WARNING: pipe error: 109: file z:/build/build/src/ipc/chromium/src/chrome/common/ipc_channel_win.cc, line 346
[Parent 11012, Gecko_IOThread] WARNING: pipe error: 109: file z:/build/build/src/ipc/chromium/src/chrome/common/ipc_channel_win.cc, line 346
Unable to read VR Path Registry from C:\Users\xhchen\AppData\Local\openvr\openvrpaths.vrpath
[Child 13660, Chrome_ChildThread] WARNING: pipe error: 109: file z:/build/build/src/ipc/chromium/src/chrome/common/ipc_channel_win.cc, line 346
[Child 13660, Chrome_ChildThread] WARNING: pipe error: 109: file z:/build/build/src/ipc/chromium/src/chrome/common/ipc_channel_win.cc, line 346
1521511845670	geckodriver	INFO	geckodriver 0.19.1
1521511845677	geckodriver	INFO	Listening on 127.0.0.1:48992
1521511847697	mozrunner::runner	INFO	Running command: "C:\\Program Files (x86)\\Mozilla Firefox\\firefox.exe" "-marionette" "-profile" "C:\\Users\\xhchen\\AppData\\Local\\Temp\\rust_mozprofile.mMwO3gpgtLPZ"
1521511848862	Marionette	INFO	Enabled via --marionette
1521511851509	Marionette	INFO	Listening on port 49000
1521511851816	Marionette	WARN	TLS certificate errors will be ignored for this session
Unable to read VR Path Registry from C:\Users\xhchen\AppData\Local\openvr\openvrpaths.vrpath
[Child 17340, Chrome_ChildThread] WARNING: pipe error: 109: file z:/build/build/src/ipc/chromium/src/chrome/common/ipc_channel_win.cc, line 346
IPDL protocol error: Handler returned error code!

###!!! [Parent][DispatchAsyncMessage] Error: PLayerTransaction::Msg_ReleaseLayer Processing error: message was deserialized, but the handler returned false (indicating failure)

IPDL protocol error: Handler returned error code!

###!!! [Parent][DispatchAsyncMessage] Error: PLayerTransaction::Msg_ReleaseLayer Processing error: message was deserialized, but the handler returned false (indicating failure)

IPDL protocol error: Handler returned error code!

###!!! [Parent][DispatchAsyncMessage] Error: PLayerTransaction::Msg_ReleaseLayer Processing error: message was deserialized, but the handler returned false (indicating failure)

IPDL protocol error: Handler returned error code!

###!!! [Parent][DispatchAsyncMessage] Error: PLayerTransaction::Msg_ReleaseLayer Processing error: message was deserialized, but the handler returned false (indicating failure)

IPDL protocol error: Handler returned error code!

###!!! [Parent][DispatchAsyncMessage] Error: PLayerTransaction::Msg_ReleaseLayer Processing error: message was deserialized, but the handler returned false (indicating failure)

IPDL protocol error: Handler returned error code!

###!!! [Parent][DispatchAsyncMessage] Error: PLayerTransaction::Msg_ReleaseLayer Processing error: message was deserialized, but the handler returned false (indicating failure)

IPDL protocol error: Handler returned error code!

###!!! [Parent][DispatchAsyncMessage] Error: PLayerTransaction::Msg_ReleaseLayer Processing error: message was deserialized, but the handler returned false (indicating failure)

IPDL protocol error: Handler returned error code!

###!!! [Parent][DispatchAsyncMessage] Error: PLayerTransaction::Msg_ReleaseLayer Processing error: message was deserialized, but the handler returned false (indicating failure)

Unable to read VR Path Registry from C:\Users\xhchen\AppData\Local\openvr\openvrpaths.vrpath
[Child 10628, Chrome_ChildThread] WARNING: pipe error: 109: file z:/build/build/src/ipc/chromium/src/chrome/common/ipc_channel_win.cc, line 346
[Child 10628, Chrome_ChildThread] WARNING: pipe error: 109: file z:/build/build/src/ipc/chromium/src/chrome/common/ipc_channel_win.cc, line 346
Unable to read VR Path Registry from C:\Users\xhchen\AppData\Local\openvr\openvrpaths.vrpath
[Parent 8812, Gecko_IOThread] WARNIUnable to read VR Path Registry from C:\Users\xhchen\AppData\Local\openvr\openvrpaths.vrpath
[GPU 13864, Unable to read VR Path Registry from C:\Users\xhchen\AppData\Local\openvr\openvrpaths.vrpath
[GPU 12764, Chrome_ChildThread] WARNING: pipe error: 109: file z:/build/build/src/ipc/chromium/src/chrome/common/ipc_channel_win.cc, line 346

###!!! [Child][MessageChannel::SendAndWait] Error: (msgtype=0x4B0006,name=PImageBridge::Msg_WillClose) Channel error: cannot send/recv

1522723648025	geckodriver	INFO	geckodriver 0.19.1
1522723648064	geckodriver	INFO	Listening on 127.0.0.1:3298
1522723649993	mozrunner::runner	INFO	Running command: "C:\\Program Files (x86)\\Mozilla Firefox\\firefox.exe" "-marionette" "-profile" "C:\\Users\\xhchen\\AppData\\Local\\Temp\\rust_mozprofile.P96YGhMNvgS0"
1522723651510	Marionette	INFO	Enabled via --marionette
1522723655402	Marionette	INFO	Listening on port 3308
1522723655714	Marionette	WARN	TLS certificate errors will be ignored for this session
Unable to read VR Path Registry from C:\Users\xhchen\AppData\Local\openvr\openvrpaths.vrpath
JavaScript error: resource://devtools/client/jsonview/converter-observer.js, line 76: NS_ERROR_NOT_AVAILABLE: Component returned failure code: 0x80040111 (NS_ERROR_NOT_AVAILABLE) [nsIChannel.contentType]
Unable to read VR Path Registry from C:\Users\xhchen\AppData\Local\openvr\openvrpaths.vrpath
[Child 9384, Chrome_ChildThread] WARNING: pipe error: 109: file z:/build/build/src/ipc/chromium/src/chrome/common/ipc_channel_win.cc, line 346
Unable to read VR Path Registry from C:\Users\xhchen\AppData\Local\openvr\openvrpaths.vrpath
[Child 6632, Chrome_ChildThread] WARNING: pipe error: 109: file z:/build/build/src/ipc/chromium/src/chrome/common/ipc_channel_win.cc, line 346
[Child 6632, Chrome_ChildThread] WARNING: pipe error: 109: file z:/build/build/src/ipc/chromium/src/chrome/common/ipc_channel_win.cc, line 346
[Parent 9544, Gecko_IOThread] WARNING: pipe error: 109: file z:/build/build/src/ipc/chromium/src/chrome/common/ipc_channel_win.cc, line 346
Unable to read VR Path Registry from C:\Users\xhchen\AppData\Local\openvr\openvrpaths.vrpath
[Child 8696, Chrome_ChildThread] WARNING: pipe error: 109: file z:/build/build/src/ipc/chromium/src/chrome/common/ipc_channel_win.cc, line 346
[Child 8696, Chrome_ChildThread] WARNING: pipe error: 109: file z:/build/build/src/ipc/chromium/src/chrome/common/ipc_channel_win.cc, line 346
*** UTM:SVC TimerManager:registerTimer called after profile-before-change notification. Ignoring timer registration for id: telemetry_modules_ping

###!!! [Child][MessageChannel::SendAndWait] Error: Channel error: cannot send/recv

1522723674721	geckodriver	INFO	geckodriver 0.19.1
1522723674727	geckodriver	INFO	Listening on 127.0.0.1:3397
1522723676774	mozrunner::runner	INFO	Running command: "C:\\Program Files (x86)\\Mozilla Firefox\\firefox.exe" "-marionette" "-profile" "C:\\Users\\xhchen\\AppData\\Local\\Temp\\rust_mozprofile.6N7V8jDbNDsx"
1522723678234	Marionette	INFO	Enabled via --marionette
1522723680698	Marionette	INFO	Listening on port 3409
1522723680882	Marionette	WARN	TLS certificate errors will be ignored for this session
Unable to read VR Path Registry from C:\Users\xhchen\AppData\Local\openvr\openvrpaths.vrpath
[Child 9256, Chrome_ChildThread] WARNING: pipe error: 109: file z:/build/build/src/ipc/chromium/src/chrome/common/ipc_channel_win.cc, line 346
[Child 9256, Chrome_ChildThread] WARNING: pipe error: 109: file z:/build/build/src/ipc/chromium/src/chrome/common/ipc_channel_win.cc, line 346
Unable to read VR Path Registry from C:\Users\xhchen\AppData\Local\openvr\openvrpaths.vrpath
[Child 11160, Chrome_ChildThread] WARNING: pipe error: 109: file z:/build/build/src/ipc/chromium/src/chrome/common/ipc_channel_win.cc, line 346
[Child 11160, Chrome_ChildThread] WARNING: pipe error: 109: file z:/build/build/src/ipc/chromium/src/chrome/common/ipc_channel_win.cc, line 346
Unable to read VR Path Registry from C:\Users\xhchen\AppData\Local\openvr\openvrpaths.vrpath
[Parent 10652, Gecko_IOThread] WARNING: pipe error: 109: file z:/build/build/src/ipc/chromium/src/chrome/common/ipc_channel_win.cc, line 346
Unable to read VR Path Registry from C:\Users\xhchen\AppData\Local\openvr\openvrpaths.vrpath
[Child 10952, Chrome_ChildThread] WARNING: pipe error: 109: file z:/build/build/src/ipc/chromium/src/chrome/common/ipc_channel_win.cc, line 346
[Child 10952, Chrome_ChildThread] WARNING: pipe error: 109: file z:/build/build/src/ipc/chromium/src/chrome/common/ipc_channel_win.cc, line 346
*** UTM:SVC TimerManager:registerTimer called after profile-before-change notification. Ignoring timer registration for id: telemetry_modules_ping
Unable to read VR Path Registry from C:\Users\xhchen\AppData\Local\openvr\openvrpaths.vrpath
[GPU 10812, Chrome_ChildThread] WARNING: pipe error: 109: file z:/build/build/src/ipc/chromium/src/chrome/common/ipc_channel_win.cc, line 346

###!!! [Child][MessageChannel::SendAndWait] Error: Channel error: cannot send/recv

1522723979334	geckodriver	INFO	geckodriver 0.19.1
1522723979339	geckodriver	INFO	Listening on 127.0.0.1:4076
1522723981344	mozrunner::runner	INFO	Running command: "C:\\Program Files (x86)\\Mozilla Firefox\\firefox.exe" "-marionette" "-profile" "C:\\Users\\xhchen\\AppData\\Local\\Temp\\rust_mozprofile.0bQmxqAfIIrX"
1522723982856	Marionette	INFO	Enabled via --marionette
1522723985156	Marionette	INFO	Listening on port 4085
1522723985904	Marionette	WARN	TLS certificate errors will be ignored for this session
Unable to read VR Path Registry from C:\Users\xhchen\AppData\Local\openvr\openvrpaths.vrpath
[Child 1556, Chrome_ChildThread] WARNING: pipe error: 109: file z:/build/build/src/ipc/chromium/src/chrome/common/ipc_channel_win.cc, line 346
[Child 1556, Chrome_ChildThread] WARNING: pipe error: 109: file z:/build/build/src/ipc/chromium/src/chrome/common/ipc_channel_win.cc, line 346
Unable to read VR Path Registry from C:\Users\xhchen\AppData\Local\openvr\openvrpaths.vrpath
[Child 7860, Chrome_ChildThread] WARNING: pipe error: 109: file z:/build/build/src/ipc/chromium/src/chrome/common/ipc_channel_win.cc, line 346
Unable to read VR Path Registry from C:\Users\xhchen\AppData\Local\openvr\openvrpaths.vrpath
[Child 10468, Chrome_ChildThread] WARNING: pipe error: 109: file z:/build/build/src/ipc/chromium/src/chrome/common/ipc_channel_win.cc, line 346
[Child 10468, Chrome_ChildThread] WARNING: pipe error: 109: file z:/build/build/src/ipc/chromium/src/chrome/common/ipc_channel_win.cc, line 346
*** UTM:SVC TimerManager:registerTimer called after profile-before-change notification. Ignoring timer registration for id: telemetry_modules_ping
Unable to read VR Path Registry from C:\Users\xhchen\AppData\Local\openvr\openvrpaths.vrpath
[GPU 9572, Chrome_ChildThread] WARNING: pipe error: 109: file z:/build/build/src/ipc/chromium/src/chrome/common/ipc_channel_win.cc, line 346

###!!! [Child][MessageChannel::SendAndWait] Error: Channel error: cannot send/recv

Unable to read VR Path Registry from C:\Users\xhchen\AppData\Local\openvr\openvrpaths.vrpath
1522724037261	geckodriver	INFO	geckodriver 0.19.1
1522724037267	geckodriver	INFO	Listening on 127.0.0.1:4223
1522724039303	mozrunner::runner	INFO	Running command: "C:\\Program Files (x86)\\Mozilla Firefox\\firefox.exe" "-marionette" "-profile" "C:\\Users\\xhchen\\AppData\\Local\\Temp\\rust_mozprofile.97LggoV5cCNA"
1522724040664	Marionette	INFO	Enabled via --marionette
1522724043028	Marionette	INFO	Listening on port 4231
1522724043572	Marionette	WARN	TLS certificate errors will be ignored for this session
Unable to read VR Path Registry from C:\Users\xhchen\AppData\Local\openvr\openvrpaths.vrpath
JavaScript error: resource://devtools/client/jsonview/converter-observer.js, line 76: NS_ERROR_NOT_AVAILABLE: Component returned failure code: 0x80040111 (NS_ERROR_NOT_AVAILABLE) [nsIChannel.contentType]
[Parent 11224, Gecko_IOThread] WARNING: pipe error: 109: file z:/build/build/src/ipc/chromium/src/chrome/common/ipc_channel_win.cc, line 346
Unable to read VR Path Registry from C:\Users\xhchen\AppData\Local\openvr\openvrpaths.vrpath
[Child 2620, Chrome_ChildThread] WARNING: pipe error: 109: file z:/build/build/src/ipc/chromium/src/chrome/common/ipc_channel_win.cc, line 346
[Child 2620, Chrome_ChildThread] WARNING: pipe error: 109: file z:/build/build/src/ipc/chromium/src/chrome/common/ipc_channel_win.cc, line 346
Unable to read VR Path Registry from C:\Users\xhchen\AppData\Local\openvr\openvrpaths.vrpath
[Child 11100, Chrome_ChildThread] WARNING: pipe error: 109: file z:/build/build/src/ipc/chromium/src/chrome/common/ipc_channel_win.cc, line 346
[Child 11100, Chrome_ChildThread] WARNING: pipe error: 109: file z:/build/build/src/ipc/chromium/src/chrome/common/ipc_channel_win.cc, line 346

###!!! [Child][RunMessage] Error: Channel closing: too late to send/recv, messages will be lost

[Parent 11224, Gecko_IOThread] WARNING: pipe error: 109: file z:/build/build/src/ipc/chromium/src/chrome/common/ipc_channel_win.cc, line 346
*** UTM:SVC TimerManager:registerTimer called after profile-before-change notification. Ignoring timer registration for id: telemetry_modules_ping
Unable to read VR Path Registry from C:\Users\xhchen\AppData\Local\openvr\openvrpaths.vrpath
[GPU 10804, Chrome_ChildThread] WARNING: pipe error: 109: file z:/build/build/src/ipc/chromium/src/chrome/common/ipc_channel_win.cc, line 346

###!!! [Child][MessageChannel::SendAndWait] Error: Channel error: cannot send/recv

1522724073650	geckodriver	INFO	geckodriver 0.19.1
1522724073654	geckodriver	INFO	Listening on 127.0.0.1:4341
1522724075724	mozrunner::runner	INFO	Running command: "C:\\Program Files (x86)\\Mozilla Firefox\\firefox.exe" "-marionette" "-profile" "C:\\Users\\xhchen\\AppData\\Local\\Temp\\rust_mozprofile.AreZ9dGu8ile"
1522724076818	Marionette	INFO	Enabled via --marionette
1522724079092	Marionette	INFO	Listening on port 4351
1522724079326	Marionette	WARN	TLS certificate errors will be ignored for this session
Unable to read VR Path Registry from C:\Users\xhchen\AppData\Local\openvr\openvrpaths.vrpath
[Parent 6636, Gecko_IOThread] WARNING: pipe error: 109: file z:/build/build/src/ipc/chromium/src/chrome/common/ipc_channel_win.cc, line 346
[Parent 6636, Gecko_IOThread] WARNING: pipe error: 109: file z:/build/build/src/ipc/chromium/src/chrome/common/ipc_channel_win.cc, line 346
Unable to read VR Path Registry from C:\Users\xhchen\AppData\Local\openvr\openvrpaths.vrpath
[Child 11204, Chrome_ChildThread] WARNING: pipe error: 109: file z:/build/build/src/ipc/chromium/src/chrome/common/ipc_channel_win.cc, line 346
[Child 11204, Chrome_ChildThread] WARNING: pipe error: 109: file z:/build/build/src/ipc/chromium/src/chrome/common/ipc_channel_win.cc, line 346
Unable to read VR Path Registry from C:\Users\xhchen\AppData\Local\openvr\openvrpaths.vrpath
[Child 10148, Chrome_ChildThread] WARNING: pipe error: 109: file z:/build/build/src/ipc/chromium/src/chrome/common/ipc_channel_win.cc, line 346
[Child 10148, Chrome_ChildThread] WARNING: pipe error: 109: file z:/build/build/src/ipc/chromium/src/chrome/common/ipc_channel_win.cc, line 346
[Parent 6636, Gecko_IOThread] WARNING: pipe error: 109: file z:/build/build/src/ipc/chromium/src/chrome/common/ipc_channel_win.cc, line 346
Unable to read VR Path Registry from C:\Users\xhchen\AppData\Local\openvr\openvrpaths.vrpath
[Child 10468, Chrome_ChildThread] WARNING: pipe error: 109: file z:/build/build/src/ipc/chromium/src/chrome/common/ipc_channel_win.cc, line 346
*** UTM:SVC TimerManager:registerTimer called after profile-before-change notification. Ignoring timer registration for id: telemetry_modules_ping
1522724088112	geckodriver	INFO	geckodriver 0.19.1
1522724088117	geckodriver	INFO	Listening on 127.0.0.1:4420
1522724090161	mozrunner::runner	INFO	Running command: "C:\\Program Files (x86)\\Mozilla Firefox\\firefox.exe" "-marionette" "-profile" "C:\\Users\\xhchen\\AppData\\Local\\Temp\\rust_mozprofile.d2oPsrdJrguG"
1522724091116	Marionette	INFO	Enabled via --marionette
1522724094342	Marionette	INFO	Listening on port 4428
1522724094364	Marionette	WARN	TLS certificate errors will be ignored for this session
Unable to read VR Path Registry from C:\Users\xhchen\AppData\Local\openvr\openvrpaths.vrpath
[Parent 10276, Gecko_IOThread] WARNING: pipe error: 109: file z:/build/build/src/ipc/chromium/src/chrome/common/ipc_channel_win.cc, line 346
[Parent 10276, Gecko_IOThread] WARNING: pipe error: 109: file z:/build/build/src/ipc/chromium/src/chrome/common/ipc_channel_win.cc, line 346
Unable to read VR Path Registry from C:\Users\xhchen\AppData\Local\openvr\openvrpaths.vrpath
[Child 3968, Chrome_ChildThread] WARNING:Unable to read VR Path Registry from C:\Users\xhchen\AppData\Local\openvr\openvrpaths.vrpath
[Child 552, Chrome_ChildThread] WARNING: pipe error: 109: file z:/build/build/src/ipc/chromium/src/chrome/common/ipc_channel_win.cc, line 346
[Child 552, Chrome_ChildThread] WARNING: pipe error: 109: file z:/build/build/src/ipc/chromium/src/chrome/common/ipc_channel_win.cc, line 346
Unable to read VR Path Registry from C:\Users\xhchen\AppData\Local\openvr\openvrpaths.vrpath
[Child 2080, Chrome_ChildThread] WARNING: pipe error: 109: file z:/build/build/src/ipc/chromium/src/chrome/common/ipc_channel_win.cc, line 346
Unable to read VR Path Registry from C:\Users\xhchen\AppData\Local\openvr\openvrpaths.vrpath
[Child 2952, Chrome_ChildThread] WARNING: pipe error: 109: file z:/build/build/src/ipc/chromium/src/chrome/common/ipc_channel_win.cc, line 346
[Child 2952, Chrome_ChildThread] WARNING: pipe error: 109: file z:/build/build/src/ipc/chromium/src/chrome/common/ipc_channel_win.cc, line 346
*** UTM:SVC TimerManager:registerTimer called after profile-before-change notification. Ignoring timer registration for id: telemetry_modules_ping
Unable to read VR Path Registry from C:\Users\xhchen\AppData\Local\openvr\openvrpaths.vrpath
[GPU 10952, Chrome_ChildThread] WARNING: pipe error: 109: file z:/build/build/src/ipc/chromium/src/chrome/common/ipc_channel_win.cc, line 346

###!!! [Child][MessageChannel::SendAndWait] Error: Channel error: cannot send/recv

Unable to read VR Path Registry from C:\Users\xhchen\AppData\Local\openvr\openvrpaths.vrpath
1522724233524	geckodriver	INFO	geckodriver 0.19.1
1522724233529	geckodriver	INFO	Listening on 127.0.0.1:4826
1522724235588	mozrunner::runner	INFO	Running command: "C:\\Program Files (x86)\\Mozilla Firefox\\firefox.exe" "-marionette" "-profile" "C:\\Users\\xhchen\\AppData\\Local\\Temp\\rust_mozprofile.CYzbtptjwQfU"
1522724236470	Marionette	INFO	Enabled via --marionette
1522724238836	Marionette	INFO	Listening on port 4836
1522724239204	Marionette	WARN	TLS certificate errors will be ignored for this session
IPDL protocol error: Handler returned error code!

###!!! [Parent][DispatchAsyncMessage] Error: PLayerTransaction::Msg_ReleaseLayer Processing error: message was deserialized, but the handler returned false (indicating failure)

IPDL protocol error: Handler returned error code!

###!!! [Parent][DispatchAsyncMessage] Error: PLayerTransaction::Msg_ReleaseLayer Processing error: message was deserialized, but the handler returned false (indicating failure)

IPDL protocol error: Handler returned error code!

###!!! [Parent][DispatchAsyncMessage] Error: PLayerTransaction::Msg_ReleaseLayer Processing error: message was deserialized, but the handler returned false (indicating failure)

IPDL protocol error: Handler returned error code!

###!!! [Parent][DispatchAsyncMessage] Error: PLayerTransaction::Msg_ReleaseLayer Processing error: message was deserialized, but the handler returned false (indicating failure)

Unable to read VR Path Registry from C:\Users\xhchen\AppData\Local\openvr\openvrpaths.vrpath
[Child 6852, Chrome_ChildThread] WARNING: pipe error: 109: file z:/build/build/src/ipc/chromium/src/chrome/common/ipc_channel_win.cc, line 346
[Child 6852, Chrome_ChildThread] WARNING: pipe error: 109: file z:/build/build/src/ipc/chromium/src/chrome/common/ipc_channel_win.cc, line 346
Unable to read VR Path Registry from C:\Users\xhchen\AppData\Local\openvr\openvrpaths.vrpath
[Parent 5368, Gecko_IOThread] WARNING: pipe error: 109: file z:/build/build/src/ipc/chromium/src/chrome/common/ipc_channel_win.cc, line 346
Unable to read VR Path Registry from C:\Users\xhchen\AppData\Local\openvr\openvrpaths.vrpath
[Child 9804, Chrome_ChildThread] WARNING: pipe error: 109: file z:/build/build/src/ipc/chromium/src/chrome/common/ipc_channel_win.cc, line 346
Unable to read VR Path Registry from C:\Users\xhchen\AppData\Local\openvr\openvrpaths.vrpath
[Child 9576, Chrome_ChildThread] WARNING: pipe error: 109: file z:/build/build/src/ipc/chromium/src/chrome/common/ipc_channel_win.cc, line 346
Unable to read VR Path Registry from C:\Users\xhchen\AppData\Local\openvr\openvrpaths.vrpath
[GPU 3884, Chrome_ChildThread] WARNING: pipe error: 109: file z:/build/build/src/ipc/chromium/src/chrome/common/ipc_channel_win.cc, line 346

###!!! [Child][MessageChannel::SendAndWait] Error: Channel error: cannot send/recv

1522724307907	geckodriver	INFO	geckodriver 0.19.1
1522724307918	geckodriver	INFO	Listening on 127.0.0.1:5014
1522724309901	mozrunner::runner	INFO	Running command: "C:\\Program Files (x86)\\Mozilla Firefox\\firefox.exe" "-marionette" "-profile" "C:\\Users\\xhchen\\AppData\\Local\\Temp\\rust_mozprofile.y5X6V88Xcx2V"
1522724311162	Marionette	INFO	Enabled via --marionette
1522724313446	Marionette	INFO	Listening on port 5022
1522724313514	Marionette	WARN	TLS certificate errors will be ignored for this session
Unable to read VR Path Registry from C:\Users\xhchen\AppData\Local\openvr\openvrpaths.vrpath
[Parent 7568, Gecko_IOThread] WARNING: pipe error: 109: file z:/build/build/src/ipc/chromium/src/chrome/common/ipc_channel_win.cc, line 346
[Parent 7568, Gecko_IOThread] WARNING: pipe error: 109: file z:/build/build/src/ipc/chromium/src/chrome/common/ipc_channel_win.cc, line 346
Unable to read VR Path Registry from C:\Users\xhchen\AppData\Local\openvr\openvrpaths.vrpath
[Child 5292, Chrome_ChildThread] WARNING: pipe error: 109: file z:/build/build/src/ipc/chromium/src/chrome/common/ipc_channel_win.cc, line 346
Unable to read VR Path Registry from C:\Users\xhchen\AppData\Local\openvr\openvrpaths.vrpath
[Child 2676, Chrome_ChildThread] WARNING: pipe error: 109: file z:/build/build/src/ipc/chromium/src/chrome/common/ipc_channel_win.cc, line 346
*** UTM:SVC TimerManager:registerTimer called after profile-before-change notification. Ignoring timer registration for id: telemetry_modules_ping
Unable to read VR Path Registry from C:\Users\xhchen\AppData\Local\openvr\openvrpaths.vrpath
[GPU 3976, Chrome_ChildThread] WARNING: pipe error: 109: file z:/build/build/src/ipc/chromium/src/chrome/common/ipc_channel_win.cc, line 346

###!!! [Child][MessageChannel::SendAndWait] Error: Channel error: cannot send/recv

\xhchen\AppData\Local\openvr\openvrpaths.vrpath
[Parent 2896, Gecko_IOThread] WARNING: pipe error: 109: file z:/build/build/src/ipc/chromium/src/chrome/common/ipc_channel_win.cc, line 346
Unable to read VR Path Registry from C:\Users\xhchen\AppData\Local\openvr\openvrpaths.vrpath
[Child 3444, Chrome_ChildThread] WARNING: pipe error: 109: file z:/build/build/src/ipc/chromium/src/chrome/common/ipc_channel_win.cc, line 346
[Child 3444, Chrome_ChildThread] WARNING: pipe error: 109: file z:/build/build/src/ipc/chromium/src/chrome/common/ipc_channel_win.cc, line 346
*** UTM:SVC TimerManager:registerTimer called after profile-before-change notification. Ignoring timer registration for id: telemetry_modules_ping
Unable to read VR Path Registry from C:\Users\xhchen\AppData\Local\openvr\openvrpaths.vrpath
[GPU 10536, Chrome_ChildThread] WARNING: pipe error: 109: file z:/build/build/src/ipc/chromium/src/chrome/common/ipc_channel_win.cc, line 346

###!!! [Child][MessageChannel::SendAndWait] Error: Channel error: cannot send/recv

1522724486600	geckodriver	INFO	geckodriver 0.19.1
1522724486610	geckodriver	INFO	Listening on 127.0.0.1:5418
1522724488594	mozrunner::runner	INFO	Running command: "C:\\Program Files (x86)\\Mozilla Firefox\\firefox.exe" "-marionette" "-profile" "C:\\Users\\xhchen\\AppData\\Local\\Temp\\rust_mozprofile.3omzgdzjaOwd"
1522724490026	Marionette	INFO	Enabled via --marionette
1522724492540	Marionette	INFO	Listening on port 5428
1522724492706	Marionette	WARN	TLS certificate errors will be ignored for this session
Unable to read VR Path Registry from C:\Users\xhchen\AppData\Local\openvr\openvrpaths.vrpath
JavaScript error: https://mail.fiberhome.com/coremail/XT3/assets/70572/js/ajax/list.js, line 16: TypeError: _7 is undefined
JavaScript error: https://mail.fiberhome.com/coremail/XT3/assets/70572/js/ajax/list.js, line 16: TypeError: _7 is undefined
JavaScript error: https://mail.fiberhome.com/coremail/XT3/assets/70572/js/ajax/list.js, line 16: TypeError: _7 is undefined
JavaScript error: https://mail.fiberhome.com/coremail/XT3/assets/70572/js/ajax/list.js, line 16: TypeError: _7 is undefined
JavaScript error: https://mail.fiberhome.com/coremail/XT3/assets/70572/js/ajax/list.js, line 16: TypeError: _7 is undefined
JavaScript error: https://mail.fiberhome.com/coremail/XT3/assets/70572/js/ajax/list.js, line 16: TypeError: _7 is undefined
JavaScript error: https://mail.fiberhome.com/coremail/XT3/assets/70572/js/ajax/list.js, line 16: TypeError: _7 is undefined
JavaScript error: https://mail.fiberhome.com/coremail/XT3/assets/70572/js/ajax/list.js, line 16: TypeError: _7 is undefined
JavaScript error: https://mail.fiberhome.com/coremail/XT3/assets/70572/js/ajax/list.js, line 16: TypeError: _7 is undefined
JavaScript error: https://mail.fiberhome.com/coremail/XT3/assets/70572/js/ajax/list.js, line 16: TypeError: _7 is undefined
JavaScript error: https://mail.fiberhome.com/coremail/XT3/assets/70572/js/ajax/list.js, line 16: TypeError: _7 is undefined
JavaScript error: https://mail.fiberhome.com/coremail/XT3/assets/70572/js/ajax/list.js, line 16: TypeError: _7 is undefined
JavaScript error: https://mail.fiberhome.com/coremail/XT3/assets/70572/js/ajax/list.js, line 16: TypeError: _7 is undefined
JavaScript error: https://mail.fiberhome.com/coremail/XT3/assets/70572/js/ajax/list.js, line 16: TypeError: _7 is undefined
JavaScript error: https://mail.fiberhome.com/coremail/XT3/assets/70572/js/ajax/list.js, line 16: TypeError: _7 is undefined
JavaScript error: https://mail.fiberhome.com/coremail/XT3/assets/70572/js/ajax/list.js, line 16: TypeError: _7 is undefined
JavaScript error: https://mail.fiberhome.com/coremail/XT3/assets/70572/js/ajax/list.js, line 16: TypeError: _7 is undefined
JavaScript error: https://mail.fiberhome.com/coremail/XT3/assets/70572/js/ajax/list.js, line 16: TypeError: _7 is undefined
JavaScript error: https://mail.fiberhome.com/coremail/XT3/assets/70572/js/ajax/list.js, line 16: TypeError: _7 is undefined
JavaScript error: https://mail.fiberhome.com/coremail/XT3/assets/70572/js/ajax/list.js, line 16: TypeError: _7 is undefined
JavaScript error: https://mail.fiberhome.com/coremail/XT3/assets/70572/js/ajax/list.js, line 16: TypeError: _7 is undefined
JavaScript error: https://mail.fiberhome.com/coremail/XT3/assets/70572/js/ajax/list.js, line 16: TypeError: _7 is undefined
JavaScript error: https://mail.fiberhome.com/coremail/XT3/assets/70572/js/ajax/list.js, line 16: TypeError: _7 is undefined
JavaScript error: https://mail.fiberhome.com/coremail/XT3/assets/70572/js/ajax/list.js, line 16: TypeError: _7 is undefined
JavaScript error: https://mail.fiberhome.com/coremail/XT3/assets/70572/js/ajax/list.js, line 16: TypeError: _7 is undefined
JavaScript error: https://mail.fiberhome.com/coremail/XT3/assets/70572/js/ajax/list.js, line 16: TypeError: _7 is undefined
JavaScript error: https://mail.fiberhome.com/coremail/XT3/assets/70572/js/ajax/list.js, line 16: TypeError: _7 is undefined
Unable to read VR Path Registry from C:\Users\xhchen\AppData\Local\openvr\openvrpaths.vrpath
[Child 11020, Chrome_ChildThread] WARNING: pipe error: 109: file z:/build/build/src/ipc/chromium/src/chrome/common/ipc_channel_win.cc, line 346
[Child 11020, Chrome_ChildThread] WARNING: pipe error: 109: file z:/build/build/src/ipc/chromium/src/chrome/common/ipc_channel_win.cc, line 346
Unable to read VR Path Registry from C:\Users\xhchen\AppData\Local\openvr\openvrpaths.vrpath
[GPU 3800, Chrome_ChildThread] WARNING: pipe error: 109: file z:/build/build/src/ipc/chromium/src/chrome/common/ipc_channel_win.cc, line 346

###!!! [Child][MessageChannel::SendAndWait] Error: Channel error: cannot send/recv

Unable to read VR Path Registry from C:\Users\xhchen\AppData\Local\openvr\openvrpaths.vrpath
/js/ajax/list.js, line 16: TypeError: _7 is undefined
JavaScript error: https://mail.fiberhome.com/coremail/XT3/assets/70572/js/ajax/list.js, line 16: TypeError: _7 is undefined
Unable to read VR Path Registry from C:\Users\xhchen\AppData\Local\openvr\openvrpaths.vrpath
[Child 9724, Chrome_ChildThread] WARNING: pipe error: 109: file z:/build/build/src/ipc/chromium/src/chrome/common/ipc_channel_win.cc, line 346
Unable to read VR Path Registry from C:\Users\xhchen\AppData\Local\openvr\openvrpaths.vrpath
[Parent 10888, Gecko_IOThread] WARNING: pipe error: 109: file z:/build/build/src/ipc/chromium/src/chrome/common/ipc_channel_win.cc, line 346
[Child 10728, Chrome_ChildThread] WARNING: pipe error: 109: file z:/build/build/src/ipc/chromium/src/chrome/common/ipc_channel_win.cc, line 346
[Child 10728, Chrome_ChildThread] WARNING: pipe error: 109: file z:/build/build/src/ipc/chromium/src/chrome/common/ipc_channel_win.cc, line 346
[Parent 10888, Gecko_IOThread] WARNING: pipe error: 109: file z:/build/build/src/ipc/chromium/src/chrome/common/ipc_channel_win.cc, line 346
Unable to read VR Path Registry from C:\Users\xhchen\AppData\Local\openvr\openvrpaths.vrpath
[Child 9888, Chrome_ChildThread] WARNING: pipe error: 109: file z:/build/build/src/ipc/chromium/src/chrome/common/ipc_channel_win.cc, line 346
*** UTM:SVC TimerManager:registerTimer called after profile-before-change notification. Ignoring timer registration for id: telemetry_modules_ping
Unable to read VR Path Registry from C:\Users\xhchen\AppData\Local\openvr\openvrpaths.vrpath
[GPU 5452, Chrome_ChildThread] WARNING: pipe error: 109: file z:/build/build/src/ipc/chromium/src/chrome/common/ipc_channel_win.cc, line 346
1522724946080	geckodriver	INFO	geckodriver 0.19.1
1522724946086	geckodriver	INFO	Listening on 127.0.0.1:6435
1522724948163	mozrunner::runner	INFO	Running command: "C:\\Program Files (x86)\\Mozilla Firefox\\firefox.exe" "-marionette" "-profile" "C:\\Users\\xhchen\\AppData\\Local\\Temp\\rust_mozprofile.bg1vNCKOQtZJ"
1522724949438	Marionette	INFO	Enabled via --marionette
1522724951792	Marionette	INFO	Listening on port 6447
1522724952276	Marionette	WARN	TLS certificate errors will be ignored for this session
Unable to read VR Path Registry from C:\Users\xhchen\AppData\Local\openvr\openvrpaths.vrpath
[Child 10444, Chrome_ChildThread] WARNING: pipe error: 109: file z:/build/build/src/ipc/chromium/src/chrome/common/ipc_channel_win.cc, line 346
[Child 10444, Chrome_ChildThread] WARNING: pipe error: 109: file z:/build/build/src/ipc/chromium/src/chrome/common/ipc_channel_win.cc, line 346
Unable to read VR Path Registry from C:\Users\xhchen\AppData\Local\openvr\openvrpaths.vrpath
[Child 6664, Chrome_ChildThread] WARNING: pipe error: 109: file z:/build/build/src/ipc/chromium/src/chrome/common/ipc_channel_win.cc, line 346
[Child 6664, Chrome_ChildThread] WARNING: pipe error: 109: file z:/build/build/src/ipc/chromium/src/chrome/common/ipc_channel_win.cc, line 346
Unable to read VR Path Registry from C:\Users\xhchen\AppData\Local\openvr\openvrpaths.vrpath
[Child 8540, Chrome_ChildThread] WARNING: pipe error: 109: file z:/build/build/src/ipc/chromium/src/chrome/common/ipc_channel_win.cc, line 346
[Child 8540, Chrome_ChildThread] WARNING: pipe error: 109: file z:/build/build/src/ipc/chromium/src/chrome/common/ipc_channel_win.cc, line 346
*** UTM:SVC TimerManager:registerTimer called after profile-before-change notification. Ignoring timer registration for id: telemetry_modules_ping
Unable to read VR Path Registry from C:\Users\xhchen\AppData\Local\openvr\openvrpaths.vrpath
[GPU 10236, Chrome_ChildThread] WARNING: pipe error: 109: file z:/build/build/src/ipc/chromium/src/chrome/common/ipc_channel_win.cc, line 346

###!!! [Child][MessageChannel::SendAndWait] Error: Channel error: cannot send/recv

Unable to read VR Path Registry from C:\Users\xhchen\AppData\Local\openvr\openvrpaths.vrpath
1522725051119	geckodriver	INFO	geckodriver 0.19.1
1522725051137	geckodriver	INFO	Listening on 127.0.0.1:6758
1522725053179	mozrunner::runner	INFO	Running command: "C:\\Program Files (x86)\\Mozilla Firefox\\firefox.exe" "-marionette" "-profile" "C:\\Users\\xhchen\\AppData\\Local\\Temp\\rust_mozprofile.jTmDbUEhUhbK"
1522725054048	Marionette	INFO	Enabled via --marionette
1522725056598	Marionette	INFO	Listening on port 6769
1522725056886	Marionette	WARN	TLS certificate errors will be ignored for this session
Unable to read VR Path Registry from C:\Users\xhchen\AppData\Local\openvr\openvrpaths.vrpath
[Child 10220, Chrome_ChildThread] WARNING: pipe error: 109: file z:/build/build/src/ipc/chromium/src/chrome/common/ipc_channel_win.cc, line 346
[Child 10220, Chrome_ChildThread] WARNING: pipe error: 109: file z:/build/build/src/ipc/chromium/src/chrome/common/ipc_channel_win.cc, line 346
Unable to read VR Path Registry from C:\Users\xhchen\AppData\Local\openvr\openvrpaths.vrpath
[Child 11140, Chrome_ChildThread] WARNING: pipe error: 109: file z:/build/build/src/ipc/chromium/src/chrome/common/ipc_channel_win.cc, line 346
*** UTM:SVC TimerManager:registerTimer called after profile-before-change notification. Ignoring timer registration for id: telemetry_modules_ping
Unable to read VR Path Registry from C:\Users\xhchen\AppData\Local\openvr\openvrpaths.vrpath
[GPU 10472, Chrome_ChildThread] WARNING: pipe error: 109: file z:/build/build/src/ipc/chromium/src/chrome/common/ipc_channel_win.cc, line 346

###!!! [Child][MessageChannel::SendAndWait] Error: Channel error: cannot send/recv

Unable to read VR Path Registry from C:\Users\xhchen\AppData\Local\openvr\openvrpaths.vrpath
1522725132146	geckodriver	INFO	geckodriver 0.19.1
1522725132152	geckodriver	INFO	Listening on 127.0.0.1:6967
1522725134223	mozrunner::runner	INFO	Running command: "C:\\Program Files (x86)\\Mozilla Firefox\\firefox.exe" "-marionette" "-profile" "C:\\Users\\xhchen\\AppData\\Local\\Temp\\rust_mozprofile.sJCygkPGsEm9"
1522725135024	Marionette	INFO	Enabled via --marionette
1522725137568	Marionette	INFO	Listening on port 6978
1522725137848	Marionette	WARN	TLS certificate errors will be ignored for this session
Unable to read VR Path Registry from C:\Users\xhchen\AppData\Local\openvr\openvrpaths.vrpath
JavaScript error: https://mail.fiberhome.com/coremail/XT3/assets/70572/js/ajax/list.js, line 16: TypeError: _7 is undefined
JavaScript error: https://mail.fiberhome.com/coremail/XT3/assets/70572/js/ajax/list.js, line 16: TypeError: _7 is undefined
JavaScript error: https://mail.fiberhome.com/coremail/XT3/assets/70572/js/ajax/list.js, line 16: TypeError: _7 is undefined
JavaScript error: https://mail.fiberhome.com/coremail/XT3/assets/70572/js/ajax/list.js, line 16: TypeError: _7 is undefined
JavaScript error: https://mail.fiberhome.com/coremail/XT3/assets/70572/js/ajax/list.js, line 16: TypeError: _7 is undefined
JavaScript error: https://mail.fiberhome.com/coremail/XT3/assets/70572/js/ajax/list.js, line 16: TypeError: _7 is undefined
JavaScript error: https://mail.fiberhome.com/coremail/XT3/assets/70572/js/ajax/list.js, line 16: TypeError: _7 is undefined
IPDL protocol error: Handler returned error code!

###!!! [Parent][DispatchAsyncMessage] Error: PLayerTransaction::Msg_ReleaseLayer Processing error: message was deserialized, but the handler returned false (indicating failure)

IPDL protocol error: Handler returned error code!

###!!! [Parent][DispatchAsyncMessage] Error: PLayerTransaction::Msg_ReleaseLayer Processing error: message was deserialized, but the handler returned false (indicating failure)

IPDL protocol error: Handler returned error code!

###!!! [Parent][DispatchAsyncMessage] Error: PLayerTransaction::Msg_ReleaseLayer Processing error: message was deserialized, but the handler returned false (indicating failure)

IPDL protocol error: Handler returned error code!

###!!! [Parent][DispatchAsyncMessage] Error: PLayerTransaction::Msg_ReleaseLayer Processing error: message was deserialized, but the handler returned false (indicating failure)

Unable to read VR Path Registry from C:\Users\xhchen\AppData\Local\openvr\openvrpaths.vrpath
[Parent 1812, Gecko_IOThread] WARNING: pipe error: 109: file z:/build/build/src/ipc/chromium/src/chrome/common/ipc_channel_win.cc, line 346
[Parent 1812, Gecko_IOThread] WARNING: pipe error: 109: file z:/build/build/src/ipc/chromium/src/chrome/common/ipc_channel_win.cc, line 346
[Child 4004, Chrome_ChildThread] WARNING: pipe error: 109: file z:/build/build/src/ipc/chromium/src/chrome/common/ipc_channel_win.cc, line 346
Unable to read VR Path Registry from C:\Users\xhchen\AppData\Local\openvr\openvrpaths.vrpath
[Child 10780, Chrome_ChildThread] WARNING: pipe error: 109: file z:/build/build/src/ipc/chromium/src/chrome/common/ipc_channel_win.cc, line 346
[Child 10780, Chrome_ChildThread] WARNING: pipe error: 109: file z:/build/build/src/ipc/chromium/src/chrome/common/ipc_channel_win.cc, line 346
[Parent 1812, Gecko_IOThread] WARNING: pipe error: 109: file z:/build/build/src/ipc/chromium/src/chrome/common/ipc_channel_win.cc, line 346
Unable to read VR Path Registry from C:\Users\xhchen\AppData\Local\openvr\openvrpaths.vrpath
[Child 10464, Chrome_ChildThread] WARNING: pipe error: 109: file z:/build/build/src/ipc/chromium/src/chrome/common/ipc_channel_win.cc, line 346
Unable to read VR Path Registry from C:\Users\xhchen\AppData\Local\openvr\openvrpaths.vrpath
[GPU 5028, Chrome_ChildThread] WARNING: pipe error: 109: file z:/build/build/src/ipc/chromium/src/chrome/common/ipc_channel_win.cc, line 346

###!!! [Child][MessageChannel::SendAndWait] Error: Channel error: cannot send/recv

756, Gecko_IOThread] WARNING: pipe error: 109: file z:/build/build/src/ipc/chromium/src/chrome/common/ipc_channel_win.cc, line 346
*** UTM:SVC TimerManager:registerTimer called after profile-before-change notification. Ignoring timer registration for id: telemetry_modules_ping

###!!! [Child][MessageChannel::SendAndWait] Error: Channel error: cannot send/recv

1522726128643	geckodriver	INFO	geckodriver 0.19.1
1522726128649	geckodriver	INFO	Listening on 127.0.0.1:8859
1522726130702	mozrunner::runner	INFO	Running command: "C:\\Program Files (x86)\\Mozilla Firefox\\firefox.exe" "-marionette" "-profile" "C:\\Users\\xhchen\\AppData\\Local\\Temp\\rust_mozprofile.Pg8hahBhmFoI"
1522726131906	Marionette	INFO	Enabled via --marionette
1522726134234	Marionette	INFO	Listening on port 8869
1522726134370	Marionette	WARN	TLS certificate errors will be ignored for this session
Unable to read VR Path Registry from C:\Users\xhchen\AppData\Local\openvr\openvrpaths.vrpath
[Child 10532, Chrome_ChildThread] WARNING: pipe error: 109: file z:/build/build/src/ipc/chromium/src/chrome/common/ipc_channel_win.cc, line 346
[Child 10532, Chrome_ChildThread] WARNING: pipe error: 109: file z:/build/build/src/ipc/chromium/src/chrome/common/ipc_channel_win.cc, line 346
Unable to read VR Path Registry from C:\Users\xhchen\AppData\Local\openvr\openvrpaths.vrpath
[Child 4968, Chrome_ChildThread] WARNING: pipe error: 109: file z:/build/build/src/ipc/chromium/src/chrome/common/ipc_channel_win.cc, line 346
[Child 4968, Chrome_ChildThread] WARNING: pipe error: 109: file z:/build/build/src/ipc/chromium/src/chrome/common/ipc_channel_win.cc, line 346
Unable to read VR Path Registry from C:\Users\xhchen\AppData\Local\openvr\openvrpaths.vrpath
[Child 10328, Chrome_ChildThread] WARNING: pipe error: 109: file z:/build/build/src/ipc/chromium/src/chrome/common/ipc_channel_win.cc, line 346
[Child 10328, Chrome_ChildThread] WARNING: pipe error: 109: file z:/build/build/src/ipc/chromium/src/chrome/common/ipc_channel_win.cc, line 346
*** UTM:SVC TimerManager:registerTimer called after profile-before-change notification. Ignoring timer registration for id: telemetry_modules_ping

###!!! [Child][MessageChannel::SendAndWait] Error: Channel error: cannot send/recv

Unable to read VR Path Registry from C:\Users\xhchen\AppData\Local\openvr\openvrpaths.vrpath
1522726169006	geckodriver	INFO	geckodriver 0.19.1
1522726169011	geckodriver	INFO	Listening on 127.0.0.1:8983
1522726171051	mozrunner::runner	INFO	Running command: "C:\\Program Files (x86)\\Mozilla Firefox\\firefox.exe" "-marionette" "-profile" "C:\\Users\\xhchen\\AppData\\Local\\Temp\\rust_mozprofile.Jz825410L5tX"
1522726172168	Marionette	INFO	Enabled via --marionette
1522726174404	Marionette	INFO	Listening on port 8991
1522726174660	Marionette	WARN	TLS certificate errors will be ignored for this session
Unable to read VR Path Registry from C:\Users\xhchen\AppData\Local\openvr\openvrpaths.vrpath
[Child 6472, Chrome_ChildThread] WARNING: pipe error: 109: file z:/build/build/src/ipc/chromium/src/chrome/common/ipc_channel_win.cc, line 346
Unable to read VR Path Registry from C:\Users\xhchen\AppData\Local\openvr\openvrpaths.vrpath
[Parent 7812, Gecko_IOThread] WARNING: pipe error: 109: file z:/build/build/src/ipc/chromium/src/chrome/common/ipc_channel_win.cc, line 346
Unable to read VR Path Registry from C:\Users\xhchen\AppData\Local\openvr\openvrpaths.vrpath
[Child 10636, Chrome_ChildThread] WARNING: pipe error: 109: file z:/build/build/src/ipc/chromium/src/chrome/common/ipc_channel_win.cc, line 346
[Child 10636, Chrome_ChildThread] WARNING: pipe error: 109: file z:/build/build/src/ipc/chromium/src/chrome/common/ipc_channel_win.cc, line 346
Unable to read VR Path Registry from C:\Users\xhchen\AppData\Local\openvr\openvrpaths.vrpath
[GPU 9032, Chrome_ChildThread] WARNING: pipe error: 109: file z:/build/build/src/ipc/chromium/src/chrome/common/ipc_channel_win.cc, line 346

###!!! [Child][MessageChannel::SendAndWait] Error: Channel error: cannot send/recv

it] Error: Channel error: cannot send/recv

Unable to read VR Path Registry from C:\Users\xhchen\AppData\Local\openvr\openvrpaths.vrpath
1522726382200	geckodriver	INFO	geckodriver 0.19.1
1522726382206	geckodriver	INFO	Listening on 127.0.0.1:9446
1522726384253	mozrunner::runner	INFO	Running command: "C:\\Program Files (x86)\\Mozilla Firefox\\firefox.exe" "-marionette" "-profile" "C:\\Users\\xhchen\\AppData\\Local\\Temp\\rust_mozprofile.tSG4Va5eDGBs"
1522726385556	Marionette	INFO	Enabled via --marionette
1522726387884	Marionette	INFO	Listening on port 9454
1522726388356	Marionette	WARN	TLS certificate errors will be ignored for this session
Unable to read VR Path Registry from C:\Users\xhchen\AppData\Local\openvr\openvrpaths.vrpath
JavaScript error: resource://devtools/client/jsonview/converter-observer.js, line 76: NS_ERROR_NOT_AVAILABLE: Component returned failure code: 0x80040111 (NS_ERROR_NOT_AVAILABLE) [nsIChannel.contentType]
Unable to read VR Path Registry from C:\Users\xhchen\AppData\Local\openvr\openvrpaths.vrpath
[Child 11236, Chrome_ChildThread] WARNING: pipe error: 109: file z:/build/build/src/ipc/chromium/src/chrome/common/ipc_channel_win.cc, line 346
[Child 11236, Chrome_ChildThread] WARNING: pipe error: 109: file z:/build/build/src/ipc/chromium/src/chrome/common/ipc_channel_win.cc, line 346
Unable to read VR Path Registry from C:\Users\xhchen\AppData\Local\openvr\openvrpaths.vrpath
[Child 11076, Chrome_ChildThread] WARNING: pipe error: 109: file z:/build/build/src/ipc/chromium/src/chrome/common/ipc_channel_win.cc, line 346
Unable to read VR Path Registry from C:\Users\xhchen\AppData\Local\openvr\openvrpaths.vrpath
[Child 9516, Chrome_ChildThread] WARNING: pipe error: 109: file z:/build/build/src/ipc/chromium/src/chrome/common/ipc_channel_win.cc, line 346
[Child 9516, Chrome_ChildThread] WARNING: pipe error: 109: file z:/build/build/src/ipc/chromium/src/chrome/common/ipc_channel_win.cc, line 346
*** UTM:SVC TimerManager:registerTimer called after profile-before-change notification. Ignoring timer registration for id: telemetry_modules_ping
Unable to read VR Path Registry from C:\Users\xhchen\AppData\Local\openvr\openvrpaths.vrpath
[GPU 4060, Chrome_ChildThread] WARNING: pipe error: 109: file z:/build/build/src/ipc/chromium/src/chrome/common/ipc_channel_win.cc, line 346

###!!! [Child][MessageChannel::SendAndWait] Error: Channel error: cannot send/recv

1522726439553	geckodriver	INFO	geckodriver 0.19.1
1522726439568	geckodriver	INFO	Listening on 127.0.0.1:9542
1522726441544	mozrunner::runner	INFO	Running command: "C:\\Program Files (x86)\\Mozilla Firefox\\firefox.exe" "-marionette" "-profile" "C:\\Users\\xhchen\\AppData\\Local\\Temp\\rust_mozprofile.E0kaPWoEFTME"
1522726442532	Marionette	INFO	Enabled via --marionette
1522726445196	Marionette	INFO	Listening on port 9548
1522726445654	Marionette	WARN	TLS certificate errors will be ignored for this session
Unable to read VR Path Registry from C:\Users\xhchen\AppData\Local\openvr\openvrpaths.vrpath
JavaScript error: resource://devtools/client/jsonview/converter-observer.js, line 76: NS_ERROR_NOT_AVAILABLE: Component returned failure code: 0x80040111 (NS_ERROR_NOT_AVAILABLE) [nsIChannel.contentType]
Unable to read VR Path Registry from C:\Users\xhchen\AppData\Local\openvr\openvrpaths.vrpath
[Child 4176, Chrome_ChildThread] WARNING: pipe error: 109: file z:/build/build/src/ipc/chromium/src/chrome/common/ipc_channel_win.cc, line 346
[Child 4176, Chrome_ChildThread] WARNING: pipe error: 109: file z:/build/build/src/ipc/chromium/src/chrome/common/ipc_channel_win.cc, line 346
Unable to read VR Path Registry from C:\Users\xhchen\AppData\Local\openvr\openvrpaths.vrpath
[Child 9328, Chrome_ChildThread] WARNING: pipe error: 109: file z:/build/build/src/ipc/chromium/src/chrome/common/ipc_channel_win.cc, line 346
[Child 9328, Chrome_ChildThread] WARNING: pipe error: 109: file z:/build/build/src/ipc/chromium/src/chrome/common/ipc_channel_win.cc, line 346
*** UTM:SVC TimerManager:registerTimer called after profile-before-change notification. Ignoring timer registration for id: telemetry_modules_ping
Unable to read VR Path Registry from C:\Users\xhchen\AppData\Local\openvr\openvrpaths.vrpath
[GPU 11212, Chrome_ChildThread] WARNING: pipe error: 109: file z:/build/build/src/ipc/chromium/src/chrome/common/ipc_channel_win.cc, line 346

###!!! [Child][MessageChannel::SendAndWait] Error: Channel error: cannot send/recv

1522726538699	geckodriver	INFO	geckodriver 0.19.1
1522726538704	geckodriver	INFO	Listening on 127.0.0.1:9711
1522726540746	mozrunner::runner	INFO	Running command: "C:\\Program Files (x86)\\Mozilla Firefox\\firefox.exe" "-marionette" "-profile" "C:\\Users\\xhchen\\AppData\\Local\\Temp\\rust_mozprofile.n7xUcE8oX4CZ"
1522726541582	Marionette	INFO	Enabled via --marionette
1522726544092	Marionette	INFO	Listening on port 9718
1522726544374	Marionette	WARN	TLS certificate errors will be ignored for this session
Unable to read VR Path Registry from C:\Users\xhchen\AppData\Local\openvr\openvrpaths.vrpath
[Child 3996, Chrome_ChildThread] WARNING: pipe error: 109: file z:/build/build/src/ipc/chromium/src/chrome/common/ipc_channel_win.cc, line 346
